SF:lib\app\shared_pref\token_shared_prefs.dart
DA:8,0
DA:11,0
DA:13,0
DA:16,0
DA:20,0
DA:22,0
DA:23,0
DA:25,0
DA:29,0
DA:31,0
DA:34,0
DA:39,0
DA:41,0
DA:42,0
DA:44,0
DA:49,0
DA:51,0
DA:52,0
DA:55,0
DA:60,0
DA:61,0
DA:62,0
LF:22
LH:0
end_of_record
SF:lib\core\error\failure.dart
DA:6,0
DA:8,0
DA:9,0
DA:13,0
DA:18,0
DA:22,0
LF:6
LH:0
end_of_record
SF:lib\features\auth\domain\use_case\auth_login_usecase.dart
DA:13,1
DA:16,0
DA:17,0
DA:18,0
DA:25,1
DA:31,1
DA:33,2
DA:34,1
DA:35,1
DA:37,2
DA:39,4
DA:40,1
DA:41,0
DA:42,3
DA:45,1
LF:15
LH:11
end_of_record
SF:lib\features\auth\domain\entity\auth_entity.dart
DA:20,1
DA:36,0
DA:37,0
DA:38,0
DA:39,0
DA:40,0
DA:41,0
DA:42,0
DA:43,0
DA:44,0
DA:45,0
DA:46,0
DA:47,0
DA:48,0
DA:49,0
DA:50,0
LF:16
LH:1
end_of_record
SF:lib\features\auth\domain\use_case\auth_register_usecase.dart
DA:15,1
DA:24,0
DA:32,0
DA:33,0
DA:40,1
DA:43,1
DA:45,1
DA:46,1
DA:47,1
DA:48,1
DA:49,1
DA:50,1
DA:52,2
LF:13
LH:10
end_of_record
SF:lib\features\onboarding\presentation\view_model\onboarding_state.dart
DA:4,5
DA:6,0
DA:7,0
DA:14,5
DA:19,2
DA:20,6
LF:6
LH:4
end_of_record
SF:lib\features\onboarding\presentation\view_model\onboarding_view_model.dart
DA:12,2
DA:13,2
DA:15,2
DA:16,4
DA:17,4
DA:20,0
DA:21,0
DA:22,0
DA:23,0
DA:24,0
DA:25,0
DA:29,0
DA:34,1
DA:35,3
DA:36,2
DA:39,0
DA:40,0
DA:41,0
DA:43,0
DA:45,0
DA:46,0
DA:47,0
DA:53,2
DA:55,4
DA:56,2
LF:25
LH:11
end_of_record
SF:lib\app\constant\api\api_endpoints.dart
DA:2,0
LF:1
LH:0
end_of_record
SF:lib\app\constant\hive\hive_table_constant.dart
DA:2,0
LF:1
LH:0
end_of_record
SF:lib\app\service_locater\service_locater.dart
DA:50,0
DA:52,0
DA:53,0
DA:54,0
DA:55,0
DA:56,0
DA:57,0
DA:58,0
DA:59,0
DA:62,0
DA:65,0
DA:66,0
DA:67,0
DA:69,0
DA:72,0
DA:76,0
DA:77,0
DA:81,0
DA:82,0
DA:86,0
DA:87,0
DA:88,0
DA:89,0
DA:90,0
DA:91,0
DA:97,0
DA:98,0
DA:102,0
DA:103,0
DA:107,0
DA:108,0
DA:112,0
DA:113,0
DA:114,0
DA:117,0
DA:118,0
DA:119,0
DA:120,0
DA:124,0
DA:125,0
DA:126,0
DA:130,0
DA:131,0
DA:132,0
DA:136,0
DA:137,0
DA:138,0
DA:139,0
DA:143,0
DA:144,0
DA:145,0
DA:149,0
DA:150,0
DA:153,0
DA:154,0
DA:155,0
DA:156,0
DA:163,0
DA:164,0
DA:169,0
DA:170,0
DA:174,0
DA:176,0
DA:177,0
DA:178,0
DA:181,0
DA:182,0
DA:183,0
DA:187,0
DA:188,0
DA:189,0
DA:192,0
DA:193,0
DA:194,0
DA:198,0
DA:199,0
DA:200,0
DA:201,0
DA:204,0
DA:205,0
DA:207,0
DA:208,0
DA:212,0
DA:213,0
DA:214,0
DA:215,0
DA:219,0
DA:220,0
DA:221,0
DA:222,0
DA:226,0
DA:227,0
DA:228,0
DA:229,0
DA:233,0
DA:234,0
DA:235,0
DA:236,0
DA:240,0
DA:241,0
DA:242,0
DA:243,0
DA:247,0
DA:248,0
DA:249,0
DA:250,0
DA:254,0
DA:255,0
DA:256,0
DA:257,0
DA:261,0
DA:262,0
DA:263,0
DA:264,0
DA:268,0
DA:269,0
DA:270,0
DA:271,0
DA:275,0
DA:276,0
DA:277,0
DA:278,0
DA:282,0
DA:283,0
DA:284,0
DA:285,0
DA:289,0
DA:290,0
DA:291,0
DA:292,0
DA:296,0
DA:297,0
DA:298,0
DA:299,0
DA:300,0
DA:304,0
DA:305,0
DA:306,0
DA:307,0
DA:311,0
DA:312,0
DA:313,0
DA:319,0
DA:320,0
DA:321,0
DA:322,0
DA:326,0
DA:327,0
DA:329,0
DA:333,0
DA:334,0
DA:336,0
DA:337,0
DA:342,0
DA:343,0
DA:344,0
DA:345,0
DA:346,0
DA:351,0
DA:352,0
DA:353,0
DA:354,0
DA:358,0
DA:359,0
DA:361,0
DA:365,0
DA:366,0
DA:368,0
DA:369,0
DA:373,0
DA:374,0
DA:375,0
LF:172
LH:0
end_of_record
SF:lib\core\network\api_service.dart
DA:9,0
DA:11,0
DA:12,0
DA:13,0
DA:14,0
DA:15,0
DA:16,0
DA:17,0
DA:18,0
DA:24,0
LF:10
LH:0
end_of_record
SF:lib\core\network\hive_service.dart
DA:7,0
DA:9,0
DA:10,0
DA:12,0
DA:15,0
DA:18,0
DA:19,0
DA:20,0
DA:23,0
DA:24,0
DA:27,0
DA:28,0
DA:29,0
DA:30,0
DA:33,0
LF:15
LH:0
end_of_record
SF:lib\features\auth\data\data_source\local_data_source\auth_local_data_source.dart
DA:9,0
DA:12,0
DA:15,0
DA:16,0
DA:19,0
DA:22,0
DA:26,0
DA:29,0
DA:30,0
DA:32,0
LF:10
LH:0
end_of_record
SF:lib\features\auth\data\data_source\remote_data_source\auth_remote_datasource.dart
DA:14,0
DA:20,0
DA:23,0
DA:25,0
DA:29,0
DA:30,0
DA:32,0
DA:37,0
DA:38,0
DA:39,0
DA:40,0
DA:41,0
DA:42,0
DA:45,0
DA:47,0
DA:49,0
DA:50,0
DA:52,0
DA:56,0
DA:60,0
DA:61,0
DA:63,0
DA:66,0
DA:69,0
DA:71,0
DA:72,0
DA:74,0
LF:27
LH:0
end_of_record
SF:lib\features\auth\data\repository\local_repository\auth_local_repository.dart
DA:10,0
DA:13,0
DA:19,0
DA:20,0
DA:22,0
DA:26,0
DA:29,0
DA:30,0
DA:32,0
LF:9
LH:0
end_of_record
SF:lib\features\auth\data\repository\remote_repository\auth_remote_repository.dart
DA:10,0
DA:13,0
DA:19,0
DA:20,0
DA:22,0
DA:26,0
DA:29,0
DA:32,0
LF:8
LH:0
end_of_record
SF:lib\features\auth\presentation\view_model\login_view_model\login_view_model.dart
DA:21,0
DA:22,0
DA:23,0
DA:24,0
DA:25,0
DA:28,0
DA:32,0
DA:34,0
DA:35,0
DA:37,0
DA:38,0
DA:41,0
DA:42,0
DA:43,0
DA:44,0
DA:45,0
DA:51,0
DA:52,0
DA:53,0
DA:58,0
DA:62,0
DA:63,0
DA:64,0
DA:66,0
DA:67,0
DA:68,0
DA:69,0
DA:71,0
DA:77,0
DA:81,0
DA:83,0
DA:84,0
DA:85,0
DA:86,0
DA:92,0
DA:93,0
DA:94,0
DA:95,0
DA:96,0
DA:98,0
DA:99,0
DA:103,0
DA:106,0
DA:107,0
DA:108,0
DA:110,0
DA:111,0
DA:115,0
DA:119,0
DA:120,0
LF:50
LH:0
end_of_record
SF:lib\features\auth\presentation\view_model\signup_view_model\signup_view_model.dart
DA:15,0
DA:16,0
DA:17,0
DA:18,0
DA:21,0
DA:25,0
DA:27,0
DA:30,0
DA:31,0
DA:32,0
DA:33,0
DA:34,0
DA:36,0
DA:37,0
DA:38,0
DA:39,0
DA:40,0
DA:41,0
DA:42,0
DA:46,0
DA:47,0
DA:48,0
DA:50,0
DA:51,0
DA:52,0
DA:59,0
DA:60,0
DA:62,0
DA:63,0
DA:64,0
DA:65,0
DA:67,0
DA:68,0
DA:69,0
DA:73,0
DA:74,0
DA:84,0
DA:88,0
DA:89,0
DA:90,0
DA:91,0
DA:93,0
DA:94,0
DA:95,0
LF:44
LH:0
end_of_record
SF:lib\features\customer\customer_home\presentation\view_model\customer_home_viewmodel.dart
DA:11,0
DA:14,0
DA:15,0
DA:18,0
DA:22,0
DA:24,0
DA:25,0
DA:27,0
DA:28,0
DA:29,0
DA:30,0
DA:31,0
DA:32,0
DA:33,0
DA:34,0
DA:35,0
DA:36,0
LF:17
LH:0
end_of_record
SF:lib\features\customer\customer_jobs\domain\use_case\accept_requested_job_usecase.dart
DA:12,0
DA:14,0
DA:15,0
DA:23,0
DA:29,0
DA:31,0
DA:32,0
DA:33,0
DA:34,0
DA:36,0
DA:37,0
LF:11
LH:0
end_of_record
SF:lib\features\customer\customer_jobs\domain\use_case\cancel_assigned_job_usecase.dart
DA:11,0
DA:13,0
DA:14,0
DA:22,0
DA:27,0
DA:29,0
DA:30,0
DA:31,0
DA:32,0
DA:33,0
LF:10
LH:0
end_of_record
SF:lib\features\customer\customer_jobs\domain\use_case\get_assigned_job_usecase.dart
DA:13,0
DA:19,0
DA:21,0
DA:22,0
DA:23,0
DA:24,0
LF:6
LH:0
end_of_record
SF:lib\features\customer\customer_jobs\domain\use_case\get_inprogress_job_usecase.dart
DA:13,0
DA:19,0
DA:21,0
DA:22,0
DA:23,0
DA:24,0
LF:6
LH:0
end_of_record
SF:lib\features\customer\customer_jobs\domain\use_case\get_requested_jobs_usecase.dart
DA:13,0
DA:19,0
DA:21,0
DA:22,0
DA:23,0
DA:24,0
LF:6
LH:0
end_of_record
SF:lib\features\customer\customer_jobs\domain\use_case\reject_requested_job_usecase.dart
DA:11,0
DA:13,0
DA:14,0
DA:22,0
DA:28,0
DA:30,0
DA:31,0
DA:32,0
DA:33,0
DA:34,0
LF:10
LH:0
end_of_record
SF:lib\features\customer\customer_jobs\presentation\view_model\customer_assigned_job_view_model\customer_assigned_job_view_model.dart
DA:15,0
DA:20,0
DA:21,0
DA:22,0
DA:25,0
DA:29,0
DA:30,0
DA:31,0
DA:32,0
DA:33,0
DA:37,0
DA:41,0
DA:43,0
DA:44,0
DA:46,0
DA:47,0
DA:48,0
DA:49,0
DA:50,0
DA:54,0
DA:56,0
DA:57,0
DA:58,0
DA:63,0
LF:24
LH:0
end_of_record
SF:lib\features\customer\customer_category\data\data_source\remote_data_source\customer_category_remote_datasource.dart
DA:12,0
DA:15,0
DA:20,0
DA:22,0
DA:24,0
DA:25,0
DA:27,0
DA:29,0
DA:30,0
DA:34,0
DA:35,0
DA:38,0
DA:40,0
DA:43,0
LF:14
LH:0
end_of_record
SF:lib\features\customer\customer_category\data\repository\remote_repository\customer_category_remote_repository.dart
DA:10,0
DA:14,0
DA:19,0
DA:20,0
DA:21,0
DA:23,0
LF:6
LH:0
end_of_record
SF:lib\features\customer\customer_category\domain\use_case\get_all_customer_category_usecase.dart
DA:13,0
DA:19,0
DA:21,0
DA:22,0
DA:23,0
DA:24,0
DA:25,0
LF:7
LH:0
end_of_record
SF:lib\features\customer\customer_dashboard\presentation\view_model\customer_dashboard_view_model.dart
DA:24,0
DA:25,0
DA:26,0
DA:28,0
DA:29,0
DA:31,0
DA:32,0
DA:33,0
DA:35,0
DA:36,0
DA:37,0
DA:39,0
DA:40,0
DA:42,0
DA:44,0
DA:45,0
DA:47,0
DA:49,0
DA:50,0
DA:52,0
DA:54,0
DA:55,0
DA:60,0
DA:61,0
DA:62,0
DA:64,0
DA:65,0
DA:69,0
DA:72,0
DA:76,0
LF:30
LH:0
end_of_record
SF:lib\features\customer\customer_jobs\data\data_source\remote_data_source.dart\customer_jobs_remote_datasource.dart
DA:12,0
DA:15,0
DA:18,0
DA:20,0
DA:22,0
DA:23,0
DA:25,0
DA:26,0
DA:27,0
DA:30,0
DA:31,0
DA:34,0
DA:35,0
DA:37,0
DA:41,0
DA:47,0
DA:51,0
DA:53,0
DA:54,0
DA:56,0
DA:58,0
DA:61,0
DA:63,0
DA:64,0
DA:66,0
DA:70,0
DA:77,0
DA:79,0
DA:80,0
DA:82,0
DA:84,0
DA:87,0
DA:88,0
DA:91,0
DA:92,0
DA:94,0
DA:95,0
DA:100,0
DA:103,0
DA:104,0
DA:105,0
DA:107,0
DA:108,0
DA:111,0
DA:112,0
DA:115,0
DA:116,0
DA:118,0
DA:122,0
DA:125,0
DA:127,0
DA:129,0
DA:130,0
DA:131,0
DA:132,0
DA:134,0
DA:135,0
DA:138,0
DA:139,0
DA:142,0
DA:143,0
DA:145,0
DA:149,0
DA:152,0
DA:153,0
DA:154,0
DA:156,0
DA:157,0
DA:159,0
DA:160,0
DA:163,0
DA:164,0
DA:166,0
DA:170,0
DA:173,0
DA:175,0
DA:177,0
DA:179,0
DA:180,0
DA:182,0
DA:183,0
DA:186,0
DA:187,0
DA:189,0
DA:193,0
DA:200,0
DA:202,0
DA:203,0
DA:205,0
DA:207,0
DA:210,0
DA:211,0
DA:214,0
DA:215,0
DA:217,0
DA:221,0
DA:224,0
DA:226,0
DA:227,0
DA:229,0
DA:230,0
DA:232,0
DA:233,0
DA:236,0
DA:237,0
DA:239,0
DA:243,0
DA:246,0
DA:248,0
DA:250,0
DA:252,0
DA:253,0
DA:255,0
DA:256,0
DA:259,0
DA:260,0
DA:262,0
LF:117
LH:0
end_of_record
SF:lib\features\customer\customer_jobs\data\repository\remote_respository\customer_jobs_remote_repository.dart
DA:9,0
DA:13,0
DA:18,0
DA:19,0
DA:21,0
DA:22,0
DA:27,0
DA:33,0
DA:36,0
DA:40,0
DA:47,0
DA:50,0
DA:51,0
DA:56,0
DA:62,0
DA:65,0
DA:66,0
DA:71,0
DA:76,0
DA:77,0
DA:79,0
DA:80,0
DA:85,0
DA:91,0
DA:94,0
DA:95,0
DA:100,0
DA:105,0
DA:106,0
DA:108,0
DA:109,0
DA:114,0
DA:121,0
DA:122,0
DA:124,0
DA:125,0
DA:130,0
DA:136,0
DA:137,0
DA:139,0
DA:140,0
DA:145,0
DA:150,0
DA:151,0
DA:153,0
DA:154,0
DA:155,0
LF:47
LH:0
end_of_record
SF:lib\features\customer\customer_jobs\domain\use_case\assign_worker_usecase.dart
DA:12,0
DA:14,0
DA:15,0
DA:22,0
DA:28,0
DA:30,0
DA:31,0
DA:32,0
DA:33,0
DA:35,0
DA:36,0
LF:11
LH:0
end_of_record
SF:lib\features\customer\customer_jobs\domain\use_case\delete_posted_job_usecase.dart
DA:11,0
DA:13,0
DA:14,0
DA:22,0
DA:28,0
DA:30,0
DA:31,0
DA:32,0
DA:33,0
DA:34,0
LF:10
LH:0
end_of_record
SF:lib\features\customer\customer_jobs\domain\use_case\get_all_public_jobs_usecase.dart
DA:13,0
DA:19,0
DA:21,0
DA:22,0
DA:23,0
DA:24,0
LF:6
LH:0
end_of_record
SF:lib\features\customer\customer_jobs\domain\use_case\post_public_job_usecase.dart
DA:17,0
DA:25,0
DA:26,0
DA:34,0
DA:40,0
DA:42,0
DA:43,0
DA:44,0
DA:45,0
DA:46,0
DA:47,0
DA:49,0
DA:50,0
DA:51,0
DA:52,0
DA:53,0
LF:16
LH:0
end_of_record
SF:lib\features\customer\customer_jobs\presentation\view_model\customer_inprogress_viewmodel\customer_inprogress_viewmodel.dart
DA:11,0
DA:12,0
DA:13,0
DA:14,0
DA:15,0
DA:16,0
DA:17,0
DA:18,0
DA:19,0
LF:9
LH:0
end_of_record
SF:lib\features\customer\customer_jobs\presentation\view_model\customer_jobs_view_model\customer_posted_jobs_viewmodel.dart
DA:15,0
DA:18,0
DA:19,0
DA:20,0
DA:22,0
DA:23,0
DA:25,0
DA:26,0
DA:27,0
DA:31,0
DA:32,0
DA:33,0
DA:35,0
DA:36,0
DA:39,0
DA:40,0
DA:41,0
DA:43,0
DA:45,0
DA:48,0
DA:49,0
DA:53,0
DA:55,0
LF:23
LH:0
end_of_record
SF:lib\features\customer\customer_jobs\presentation\view_model\customer_post_job_view_model\customer_post_job_viewmodel.dart
DA:18,0
DA:21,0
DA:22,0
DA:23,0
DA:24,0
DA:26,0
DA:27,0
DA:28,0
DA:32,0
DA:33,0
DA:35,0
DA:36,0
DA:37,0
DA:38,0
DA:39,0
DA:40,0
DA:41,0
DA:45,0
DA:46,0
DA:49,0
DA:50,0
DA:51,0
DA:52,0
DA:53,0
DA:54,0
DA:59,0
DA:60,0
DA:61,0
DA:62,0
DA:67,0
LF:30
LH:0
end_of_record
SF:lib\features\customer\customer_jobs\presentation\view_model\customer_requested_jobs_viewmodel\customer_requested_jobs_viewmodel.dart
DA:17,0
DA:24,0
DA:25,0
DA:26,0
DA:27,0
DA:28,0
DA:29,0
DA:30,0
DA:34,0
DA:35,0
DA:36,0
DA:39,0
DA:40,0
DA:41,0
DA:42,0
DA:44,0
DA:46,0
DA:47,0
DA:48,0
DA:51,0
DA:53,0
DA:58,0
DA:59,0
DA:60,0
DA:63,0
DA:64,0
DA:65,0
DA:66,0
DA:68,0
DA:70,0
DA:71,0
DA:72,0
DA:75,0
DA:77,0
LF:34
LH:0
end_of_record
SF:lib\features\customer\customer_jobs\presentation\view_model\worker_list_viewmodel\worker_list_viewmodel.dart
DA:18,0
DA:21,0
DA:22,0
DA:23,0
DA:26,0
DA:30,0
DA:31,0
DA:32,0
DA:35,0
DA:36,0
DA:37,0
DA:41,0
DA:45,0
DA:46,0
DA:48,0
DA:49,0
DA:50,0
DA:58,0
DA:59,0
DA:62,0
DA:63,0
DA:64,0
DA:65,0
DA:66,0
DA:71,0
DA:72,0
DA:73,0
DA:81,0
DA:82,0
LF:29
LH:0
end_of_record
SF:lib\features\customer\customer_reviews\data\data_source\remote_data_source\customer_reviews_remote_datasource.dart
DA:11,0
DA:14,0
DA:20,0
DA:24,0
DA:26,0
DA:27,0
DA:29,0
DA:31,0
DA:34,0
DA:36,0
DA:37,0
DA:39,0
LF:12
LH:0
end_of_record
SF:lib\features\customer\customer_reviews\data\repository\remote_repository\customer_reviews_remote_repository.dart
DA:10,0
DA:14,0
DA:20,0
DA:24,0
DA:26,0
DA:27,0
LF:6
LH:0
end_of_record
SF:lib\features\customer\customer_reviews\domain\use_case\post_review_usecase.dart
DA:14,0
DA:20,0
DA:21,0
DA:28,0
DA:34,0
DA:36,0
DA:37,0
DA:38,0
DA:39,0
DA:41,0
DA:42,0
DA:43,0
DA:44,0
LF:13
LH:0
end_of_record
SF:lib\features\customer\customer_reviews\presentation\view_model\customer_reviews_viewmodel.dart
DA:13,0
DA:14,0
DA:15,0
DA:16,0
DA:18,0
DA:19,0
DA:20,0
DA:21,0
DA:22,0
DA:26,0
DA:27,0
DA:30,0
DA:33,0
DA:34,0
DA:38,0
DA:39,0
LF:16
LH:0
end_of_record
SF:lib\features\customer\customer_workers\data\data_source\remote_datasource\customer_worker_remote_datasource.dart
DA:11,0
DA:14,0
DA:20,0
DA:22,0
DA:23,0
DA:25,0
DA:26,0
DA:28,0
DA:29,0
DA:31,0
DA:33,0
DA:34,0
DA:36,0
LF:13
LH:0
end_of_record
SF:lib\features\customer\customer_workers\data\repository\remote_repository\customer_worker_remote_repository.dart
DA:9,0
DA:12,0
DA:18,0
DA:22,0
DA:24,0
DA:25,0
DA:26,0
LF:7
LH:0
end_of_record
SF:lib\features\customer\customer_workers\domain\use_case\get_matching_worker_usecase.dart
DA:12,0
DA:14,0
DA:15,0
DA:23,0
DA:29,0
DA:33,0
DA:34,0
DA:35,0
DA:36,0
DA:37,0
LF:10
LH:0
end_of_record
SF:lib\features\selection\presentation\view_model\selection_view_model.dart
DA:9,0
DA:11,0
DA:12,0
DA:15,0
DA:16,0
DA:18,0
DA:20,0
DA:22,0
DA:23,0
DA:24,0
DA:25,0
DA:27,0
LF:12
LH:0
end_of_record
SF:lib\features\splash\presentation\view_model\splash_view_model.dart
DA:13,0
DA:15,0
DA:16,0
DA:18,0
DA:19,0
DA:20,0
DA:22,0
DA:23,0
DA:25,0
DA:27,0
DA:29,0
DA:30,0
DA:32,0
DA:34,0
DA:35,0
DA:40,0
DA:41,0
DA:43,0
DA:45,0
DA:46,0
DA:53,0
DA:57,0
DA:61,0
DA:62,0
DA:64,0
DA:66,0
DA:67,0
LF:27
LH:0
end_of_record
SF:lib\features\worker\worker_dashboard\presentation\view_model\worker_dashboard_view_model.dart
DA:11,0
DA:12,0
DA:13,0
DA:23,0
DA:24,0
LF:5
LH:0
end_of_record
SF:lib\core\common\app_alertdialog.dart
DA:11,0
DA:20,0
DA:22,0
DA:23,0
DA:27,0
DA:29,0
DA:30,0
DA:32,0
DA:33,0
DA:35,0
DA:42,0
DA:43,0
DA:50,0
DA:51,0
DA:52,0
DA:53,0
DA:54,0
DA:62,0
DA:63,0
DA:64,0
DA:65,0
DA:66,0
LF:22
LH:0
end_of_record
SF:lib\core\common\app_flushbar.dart
DA:5,0
DA:12,0
DA:17,0
DA:24,0
LF:4
LH:0
end_of_record
SF:lib\core\common\app_textfield.dart
DA:4,0
DA:12,0
DA:16,0
DA:21,0
DA:22,0
DA:25,0
DA:26,0
LF:7
LH:0
end_of_record
SF:lib\core\common\kaammaa_loading_overlay.dart
DA:8,0
DA:14,0
DA:16,0
DA:17,0
DA:18,0
DA:19,0
DA:20,0
DA:23,0
DA:25,0
DA:26,0
DA:28,0
DA:30,0
DA:31,0
DA:32,0
DA:33,0
DA:39,0
DA:40,0
DA:41,0
LF:18
LH:0
end_of_record
SF:lib\core\network\dio_error_interceptor.dart
DA:4,0
DA:8,0
DA:9,0
DA:10,0
DA:12,0
DA:13,0
DA:22,0
DA:23,0
DA:24,0
DA:26,0
DA:29,0
LF:11
LH:0
end_of_record
SF:lib\features\auth\data\model\auth_hive_model.dart
DA:24,0
DA:31,0
DA:34,0
DA:43,0
DA:44,0
DA:45,0
DA:46,0
DA:47,0
DA:48,0
DA:49,0
DA:50,0
DA:55,0
DA:56,0
DA:57,0
DA:58,0
DA:59,0
DA:60,0
DA:61,0
DA:62,0
DA:66,0
DA:67,0
LF:21
LH:0
end_of_record
SF:lib\features\auth\data\model\auth_hive_model.g.dart
DA:13,0
DA:15,0
DA:16,0
DA:17,0
DA:19,0
DA:20,0
DA:21,0
DA:22,0
DA:23,0
DA:24,0
DA:25,0
DA:29,0
DA:32,0
DA:33,0
DA:34,0
DA:35,0
DA:36,0
DA:37,0
DA:38,0
DA:39,0
DA:40,0
DA:41,0
DA:42,0
DA:43,0
DA:44,0
DA:47,0
DA:48,0
DA:50,0
DA:53,0
DA:54,0
DA:55,0
LF:31
LH:0
end_of_record
SF:lib\core\utils\backend_image_url.dart
DA:3,0
DA:5,0
DA:6,0
DA:7,0
DA:9,0
LF:5
LH:0
end_of_record
SF:lib\features\auth\data\model\auth_api_model.dart
DA:24,0
DA:41,0
DA:42,0
DA:45,0
DA:48,0
DA:49,0
DA:50,0
DA:51,0
DA:52,0
DA:53,0
DA:54,0
DA:55,0
DA:56,0
DA:57,0
DA:59,0
DA:60,0
DA:61,0
DA:65,0
DA:66,0
DA:67,0
DA:68,0
DA:69,0
DA:70,0
DA:71,0
DA:72,0
DA:73,0
DA:74,0
DA:75,0
DA:76,0
DA:77,0
DA:78,0
DA:82,0
DA:83,0
DA:86,0
DA:87,0
DA:88,0
DA:89,0
DA:90,0
DA:91,0
DA:92,0
DA:93,0
DA:94,0
DA:95,0
DA:96,0
DA:97,0
DA:98,0
DA:99,0
DA:100,0
LF:48
LH:0
end_of_record
SF:lib\features\auth\data\model\auth_api_model.g.dart
DA:9,0
DA:10,0
DA:11,0
DA:12,0
DA:13,0
DA:14,0
DA:15,0
DA:16,0
DA:18,0
DA:19,0
DA:20,0
DA:21,0
DA:22,0
DA:23,0
DA:26,0
DA:27,0
DA:28,0
DA:29,0
DA:30,0
DA:31,0
DA:32,0
DA:33,0
DA:34,0
DA:35,0
DA:36,0
DA:37,0
DA:38,0
DA:39,0
DA:40,0
LF:29
LH:0
end_of_record
SF:lib\features\auth\presentation\view\login_view.dart
DA:12,2
DA:14,0
DA:15,0
DA:24,0
DA:26,0
DA:28,0
DA:29,0
DA:30,0
DA:31,0
DA:32,0
DA:34,0
DA:36,0
DA:37,0
DA:38,0
DA:39,0
DA:41,0
DA:42,0
DA:43,0
DA:45,0
DA:46,0
DA:48,0
DA:49,0
DA:51,0
DA:52,0
DA:54,0
DA:55,0
DA:59,0
DA:75,0
DA:76,0
DA:77,0
DA:78,0
DA:79,0
DA:80,0
DA:83,0
DA:84,0
DA:91,0
DA:92,0
DA:94,0
DA:95,0
DA:96,0
DA:101,0
DA:102,0
DA:103,0
DA:108,0
DA:109,0
DA:110,0
DA:111,0
DA:120,0
DA:122,0
DA:124,0
DA:131,0
DA:133,0
DA:134,0
DA:136,0
DA:141,0
DA:143,0
DA:144,0
DA:146,0
DA:148,0
DA:149,0
DA:151,0
DA:156,0
DA:173,0
DA:178,0
DA:179,0
DA:181,0
DA:182,0
DA:184,0
DA:185,0
DA:190,0
DA:192,0
DA:193,0
DA:194,0
DA:195,0
DA:197,0
DA:198,0
DA:216,0
DA:217,0
DA:218,0
DA:220,0
DA:225,0
DA:227,0
DA:228,0
DA:229,0
LF:84
LH:1
end_of_record
SF:lib\features\auth\presentation\view_model\login_view_model\login_event.dart
DA:9,0
DA:15,0
DA:23,0
LF:3
LH:0
end_of_record
SF:lib\features\auth\presentation\view_model\login_view_model\login_state.dart
DA:7,0
DA:9,2
DA:11,0
DA:12,0
DA:13,0
DA:14,0
DA:18,0
DA:19,0
LF:8
LH:1
end_of_record
SF:lib\features\auth\presentation\view\signup_view.dart
DA:13,0
DA:22,0
DA:24,0
DA:25,0
DA:27,0
DA:29,0
DA:30,0
DA:32,0
DA:34,0
DA:35,0
DA:36,0
DA:37,0
DA:39,0
DA:40,0
DA:41,0
DA:42,0
DA:43,0
DA:45,0
DA:46,0
DA:47,0
DA:48,0
DA:51,0
DA:56,0
DA:57,0
DA:59,0
DA:71,0
DA:73,0
DA:87,0
DA:89,0
DA:104,0
DA:105,0
DA:108,0
DA:109,0
DA:115,0
DA:116,0
DA:119,0
DA:120,0
DA:126,0
DA:127,0
DA:130,0
DA:131,0
DA:133,0
DA:141,0
DA:142,0
DA:144,0
DA:145,0
DA:149,0
DA:150,0
DA:153,0
DA:154,0
DA:160,0
DA:161,0
DA:167,0
DA:168,0
DA:170,0
DA:172,0
DA:173,0
DA:178,0
DA:179,0
DA:180,0
DA:181,0
DA:182,0
DA:185,0
DA:186,0
DA:188,0
DA:189,0
DA:191,0
DA:192,0
DA:194,0
DA:195,0
DA:199,0
DA:200,0
DA:201,0
DA:202,0
DA:216,0
DA:230,0
DA:231,0
DA:232,0
DA:234,0
DA:236,0
DA:238,0
DA:239,0
DA:240,0
DA:241,0
LF:84
LH:0
end_of_record
SF:lib\features\auth\presentation\view_model\signup_view_model\signup_event.dart
DA:10,0
DA:15,0
DA:26,0
LF:3
LH:0
end_of_record
SF:lib\features\auth\presentation\view_model\signup_view_model\signup_state.dart
DA:7,0
DA:9,2
DA:11,0
DA:12,0
DA:13,0
DA:14,0
DA:18,0
DA:19,0
LF:8
LH:1
end_of_record
SF:lib\features\customer\customer_dashboard\presentation\view\customer_dashboard_view.dart
DA:9,4
DA:11,0
DA:12,0
DA:13,0
DA:14,0
DA:18,0
DA:21,0
DA:23,0
DA:24,0
DA:25,0
DA:26,0
DA:27,0
DA:29,0
DA:32,0
DA:40,0
DA:42,0
DA:43,0
DA:46,0
DA:49,0
DA:50,0
DA:53,0
DA:54,0
DA:64,0
DA:76,0
DA:78,0
DA:79,0
DA:85,0
DA:87,0
DA:90,0
DA:93,0
DA:96,0
DA:110,0
DA:111,0
DA:112,0
DA:113,0
DA:114,0
DA:115,0
DA:122,0
DA:136,0
DA:147,0
DA:148,0
DA:152,0
DA:155,0
DA:156,0
DA:159,0
LF:45
LH:1
end_of_record
SF:lib\features\worker\worker_dashboard\presentation\view\worker_dashboard_view.dart
DA:9,4
DA:11,0
DA:12,0
DA:13,0
DA:15,0
DA:22,0
DA:25,0
DA:28,0
DA:29,0
DA:30,0
DA:32,0
DA:34,0
DA:41,0
DA:55,0
DA:57,0
DA:60,0
DA:61,0
DA:63,0
DA:64,0
DA:65,0
DA:66,0
DA:76,0
DA:89,0
DA:98,0
DA:99,0
DA:100,0
DA:106,0
DA:124,0
DA:130,0
DA:137,0
DA:138,0
DA:139,0
DA:140,0
DA:141,0
DA:142,0
LF:35
LH:1
end_of_record
SF:lib\features\customer\customer_category\domain\entity\customer_category_entity.dart
DA:10,2
DA:18,4
DA:25,0
DA:26,0
DA:27,0
DA:28,0
DA:29,0
DA:30,0
DA:31,0
LF:9
LH:2
end_of_record
SF:lib\features\customer\customer_category\data\dto\get_all_customer_category_dto.dart
DA:12,0
DA:18,0
DA:20,0
DA:21,0
LF:4
LH:0
end_of_record
SF:lib\features\customer\customer_category\data\dto\get_all_customer_category_dto.g.dart
DA:9,0
DA:11,0
DA:12,0
DA:13,0
DA:14,0
DA:15,0
DA:16,0
DA:17,0
DA:20,0
DA:22,0
DA:23,0
DA:24,0
DA:25,0
LF:13
LH:0
end_of_record
SF:lib\features\customer\customer_category\data\model\customer_category_api_model.dart
DA:16,0
DA:24,0
DA:31,0
DA:32,0
DA:34,0
DA:36,0
DA:37,0
DA:38,0
DA:39,0
DA:40,0
DA:41,0
DA:42,0
DA:46,0
DA:47,0
DA:48,0
DA:49,0
DA:50,0
DA:51,0
DA:52,0
DA:56,0
DA:59,0
DA:62,0
DA:63,0
LF:23
LH:0
end_of_record
SF:lib\features\customer\customer_category\data\model\customer_category_api_model.g.dart
DA:9,0
DA:11,0
DA:12,0
DA:13,0
DA:14,0
DA:15,0
DA:16,0
DA:19,0
DA:21,0
DA:22,0
DA:23,0
DA:24,0
DA:25,0
DA:26,0
LF:14
LH:0
end_of_record
SF:lib\features\customer\customer_dashboard\presentation\view_model\customer_dashboard_event.dart
DA:5,0
LF:1
LH:0
end_of_record
SF:lib\features\customer\customer_dashboard\presentation\view_model\customer_dashboard_state.dart
DA:7,0
DA:12,0
DA:16,0
DA:17,0
DA:18,0
LF:5
LH:0
end_of_record
SF:lib\features\customer\customer_home\presentation\view_model\customer_home_event.dart
DA:4,0
DA:5,0
LF:2
LH:0
end_of_record
SF:lib\features\customer\customer_jobs\presentation\view_model\customer_assigned_job_view_model\customer_assigned_job_event.dart
DA:5,0
DA:7,0
DA:8,0
DA:17,0
DA:19,0
DA:20,0
LF:6
LH:0
end_of_record
SF:lib\features\customer\customer_home\presentation\view\customer_home_view.dart
DA:13,0
DA:15,0
DA:16,0
DA:24,0
DA:25,0
DA:27,0
DA:29,0
DA:31,0
DA:34,0
DA:36,0
DA:37,0
DA:40,0
DA:42,0
DA:43,0
DA:44,0
DA:46,0
DA:47,0
DA:48,0
DA:49,0
DA:50,0
DA:53,0
DA:54,0
DA:55,0
DA:56,0
DA:58,0
DA:60,0
DA:61,0
DA:62,0
DA:63,0
DA:66,0
DA:69,0
DA:71,0
DA:73,0
DA:75,0
DA:77,0
DA:86,0
DA:88,0
DA:89,0
DA:90,0
DA:96,0
DA:98,0
DA:109,0
DA:111,0
DA:112,0
DA:114,0
DA:120,0
DA:121,0
DA:122,0
DA:123,0
DA:125,0
DA:149,0
DA:150,0
DA:151,0
DA:152,0
DA:153,0
DA:155,0
DA:156,0
DA:157,0
DA:158,0
DA:159,0
DA:163,0
DA:167,0
DA:171,0
DA:172,0
DA:179,0
DA:180,0
DA:181,0
DA:182,0
DA:185,0
DA:187,0
DA:188,0
DA:192,0
DA:193,0
DA:209,0
DA:211,0
DA:212,0
DA:214,0
DA:220,0
DA:221,0
DA:222,0
DA:223,0
DA:226,0
DA:228,0
DA:240,0
DA:241,0
DA:242,0
DA:244,0
DA:246,0
DA:271,0
DA:284,0
DA:290,0
DA:293,0
DA:294,0
DA:296,0
DA:297,0
DA:299,0
DA:301,0
DA:302,0
DA:305,0
DA:308,0
DA:309,0
DA:311,0
DA:312,0
DA:323,0
DA:324,0
DA:325,0
DA:341,0
DA:342,0
DA:344,0
DA:346,0
DA:347,0
DA:348,0
DA:349,0
DA:354,0
DA:355,0
DA:359,0
LF:116
LH:0
end_of_record
SF:lib\features\customer\customer_jobs\presentation\view\customer_jobs_view.dart
DA:20,2
DA:22,0
DA:55,0
DA:57,0
DA:59,0
DA:60,0
DA:62,0
DA:63,0
DA:64,0
DA:65,0
DA:74,0
DA:78,0
DA:79,0
DA:80,0
DA:81,0
DA:83,0
DA:84,0
DA:85,0
DA:89,0
DA:91,0
DA:92,0
DA:93,0
DA:96,0
DA:98,0
DA:99,0
DA:100,0
DA:103,0
DA:105,0
DA:106,0
DA:107,0
DA:110,0
LF:31
LH:1
end_of_record
SF:lib\features\customer\customer_jobs\presentation\view\customer_post_jobs_view.dart
DA:13,0
DA:15,0
DA:16,0
DA:27,0
DA:29,0
DA:30,0
DA:33,0
DA:34,0
DA:35,0
DA:36,0
DA:39,0
DA:41,0
DA:44,0
DA:45,0
DA:46,0
DA:47,0
DA:49,0
DA:52,0
DA:53,0
DA:54,0
DA:55,0
DA:56,0
DA:57,0
DA:58,0
DA:59,0
DA:60,0
DA:64,0
DA:65,0
DA:67,0
DA:68,0
DA:69,0
DA:70,0
DA:71,0
DA:74,0
DA:75,0
DA:76,0
DA:77,0
DA:82,0
DA:83,0
DA:84,0
DA:85,0
DA:86,0
DA:87,0
DA:91,0
DA:93,0
DA:95,0
DA:96,0
DA:97,0
DA:101,0
DA:103,0
DA:104,0
DA:105,0
DA:109,0
DA:110,0
DA:112,0
DA:113,0
DA:115,0
DA:122,0
DA:123,0
DA:124,0
DA:125,0
DA:127,0
DA:131,0
DA:132,0
DA:133,0
DA:134,0
DA:135,0
DA:139,0
DA:140,0
DA:143,0
DA:144,0
DA:145,0
DA:149,0
DA:150,0
DA:152,0
DA:155,0
DA:157,0
DA:161,0
DA:162,0
DA:163,0
DA:166,0
DA:167,0
DA:168,0
DA:171,0
DA:175,0
DA:176,0
DA:177,0
DA:180,0
DA:181,0
DA:182,0
DA:185,0
DA:189,0
DA:193,0
DA:194,0
DA:197,0
DA:201,0
DA:202,0
DA:215,0
DA:216,0
DA:218,0
DA:229,0
DA:230,0
DA:232,0
DA:233,0
DA:234,0
DA:241,0
DA:242,0
LF:107
LH:0
end_of_record
SF:lib\features\customer\customer_jobs\presentation\view_model\customer_jobs_view_model\customer_posted_jobs_event.dart
DA:5,0
DA:7,0
DA:8,0
DA:17,0
DA:19,0
DA:20,0
LF:6
LH:0
end_of_record
SF:lib\features\customer\customer_jobs\presentation\view_model\customer_requested_jobs_viewmodel\customer_requested_jobs_event.dart
DA:5,0
DA:7,0
DA:8,0
DA:18,0
DA:24,0
DA:25,0
DA:32,0
DA:34,0
DA:35,0
LF:9
LH:0
end_of_record
SF:lib\features\customer\customer_profile\presentation\view\customer_profile_view.dart
DA:4,0
DA:6,0
LF:2
LH:0
end_of_record
SF:lib\features\customer\customer_reviews\presentation\view\customer_reviews_view.dart
DA:4,0
DA:6,0
LF:2
LH:0
end_of_record
SF:lib\features\customer\customer_home\presentation\view_model\customer_home_state.dart
DA:5,0
DA:6,0
DA:17,0
DA:22,0
DA:23,0
DA:29,0
DA:31,0
DA:32,0
LF:8
LH:0
end_of_record
SF:lib\features\customer\customer_jobs\domain\entity\customer_jobs_entity.dart
DA:19,0
DA:34,0
DA:35,0
DA:36,0
DA:37,0
DA:38,0
DA:39,0
DA:40,0
DA:41,0
DA:42,0
DA:43,0
DA:44,0
DA:45,0
DA:46,0
DA:47,0
LF:15
LH:0
end_of_record
SF:lib\features\customer\customer_jobs\data\dto\get_all_customer_jobs_dto.dart
DA:12,0
DA:18,0
DA:20,0
DA:21,0
LF:4
LH:0
end_of_record
SF:lib\features\customer\customer_jobs\data\dto\get_all_customer_jobs_dto.g.dart
DA:9,0
DA:11,0
DA:12,0
DA:13,0
DA:14,0
DA:15,0
DA:16,0
DA:19,0
DA:21,0
DA:22,0
DA:23,0
DA:24,0
LF:12
LH:0
end_of_record
SF:lib\features\customer\customer_jobs\data\dto\get_assigned_job_dto.dart
DA:26,0
DA:28,0
DA:30,0
DA:31,0
LF:4
LH:0
end_of_record
SF:lib\features\customer\customer_jobs\data\dto\get_assigned_job_dto.g.dart
DA:9,0
DA:10,0
DA:11,0
DA:12,0
DA:13,0
DA:14,0
DA:15,0
DA:18,0
DA:19,0
DA:20,0
DA:21,0
DA:22,0
LF:12
LH:0
end_of_record
SF:lib\features\customer\customer_jobs\data\model\customer_jobs_api_model.dart
DA:27,0
DA:42,0
DA:43,0
DA:45,0
DA:47,0
DA:48,0
DA:49,0
DA:50,0
DA:51,0
DA:52,0
DA:53,0
DA:54,0
DA:55,0
DA:56,0
DA:57,0
DA:58,0
DA:59,0
DA:60,0
DA:64,0
DA:65,0
DA:66,0
DA:67,0
DA:68,0
DA:69,0
DA:70,0
DA:71,0
DA:72,0
DA:73,0
DA:74,0
DA:75,0
DA:76,0
DA:81,0
DA:84,0
DA:87,0
DA:88,0
DA:89,0
DA:90,0
DA:91,0
DA:92,0
DA:93,0
DA:94,0
DA:95,0
DA:96,0
DA:97,0
DA:98,0
DA:99,0
DA:100,0
LF:47
LH:0
end_of_record
SF:lib\features\customer\customer_jobs\data\model\customer_jobs_api_model.g.dart
DA:9,0
DA:11,0
DA:12,0
DA:13,0
DA:14,0
DA:16,0
DA:17,0
DA:18,0
DA:20,0
DA:21,0
DA:22,0
DA:23,0
DA:24,0
DA:25,0
DA:26,0
DA:27,0
DA:28,0
DA:29,0
DA:32,0
DA:34,0
DA:35,0
DA:36,0
DA:37,0
DA:38,0
DA:39,0
DA:40,0
DA:41,0
DA:42,0
DA:43,0
DA:44,0
DA:45,0
DA:46,0
LF:32
LH:0
end_of_record
SF:lib\features\customer\customer_workers\data\model\customer_worker_api_model.dart
DA:24,0
DA:37,0
DA:38,0
DA:40,0
DA:42,0
DA:43,0
DA:44,0
DA:45,0
DA:46,0
DA:47,0
DA:48,0
DA:49,0
DA:50,0
DA:51,0
DA:52,0
DA:53,0
DA:57,0
DA:58,0
DA:59,0
DA:60,0
DA:61,0
DA:62,0
DA:63,0
DA:64,0
DA:65,0
DA:66,0
DA:67,0
DA:68,0
DA:72,0
DA:75,0
DA:78,0
DA:79,0
DA:80,0
DA:81,0
DA:82,0
DA:83,0
DA:84,0
DA:85,0
DA:86,0
DA:87,0
DA:88,0
DA:89,0
LF:42
LH:0
end_of_record
SF:lib\features\customer\customer_workers\data\model\customer_worker_api_model.g.dart
DA:9,0
DA:11,0
DA:12,0
DA:13,0
DA:14,0
DA:15,0
DA:16,0
DA:17,0
DA:19,0
DA:20,0
DA:22,0
DA:23,0
DA:24,0
DA:25,0
DA:28,0
DA:30,0
DA:31,0
DA:32,0
DA:33,0
DA:34,0
DA:35,0
DA:36,0
DA:37,0
DA:38,0
DA:39,0
DA:40,0
LF:26
LH:0
end_of_record
SF:lib\features\customer\customer_workers\domain\entity\customer_worker_entity.dart
DA:16,0
DA:29,2
DA:41,0
DA:42,0
DA:43,0
DA:44,0
DA:45,0
DA:46,0
DA:47,0
DA:48,0
DA:49,0
DA:50,0
DA:51,0
DA:52,0
LF:14
LH:1
end_of_record
SF:lib\features\customer\customer_jobs\presentation\view\customer_jobs\customer_assigned_jobs.dart
DA:11,2
DA:13,0
DA:15,0
DA:19,0
DA:20,0
DA:22,0
DA:23,0
DA:24,0
DA:25,0
DA:27,0
DA:28,0
DA:29,0
DA:30,0
DA:34,0
DA:35,0
DA:37,0
DA:39,0
DA:40,0
DA:42,0
DA:43,0
DA:67,0
DA:69,0
DA:70,0
DA:71,0
DA:82,0
DA:84,0
DA:85,0
DA:87,0
DA:88,0
DA:91,0
DA:93,0
DA:95,0
DA:96,0
DA:97,0
DA:101,0
DA:103,0
DA:104,0
DA:105,0
DA:106,0
DA:110,0
DA:111,0
DA:112,0
DA:116,0
DA:117,0
DA:122,0
DA:129,0
DA:130,0
DA:131,0
DA:132,0
DA:137,0
DA:138,0
DA:139,0
DA:142,0
DA:148,0
DA:149,0
DA:150,0
DA:151,0
DA:152,0
DA:174,0
DA:175,0
DA:177,0
DA:178,0
DA:180,0
DA:181,0
LF:64
LH:1
end_of_record
SF:lib\features\customer\customer_jobs\presentation\view_model\customer_assigned_job_view_model\customer_assigned_job_state.dart
DA:5,0
DA:7,0
DA:8,0
DA:18,0
DA:20,0
DA:21,0
DA:27,0
DA:29,0
DA:30,0
DA:39,0
DA:41,0
DA:42,0
LF:12
LH:0
end_of_record
SF:lib\features\customer\customer_jobs\presentation\view\customer_jobs\customer_failed_jobs.dart
DA:4,0
DA:6,0
DA:8,0
DA:9,0
DA:11,0
LF:5
LH:0
end_of_record
SF:lib\features\customer\customer_jobs\presentation\view\customer_jobs\customer_inprogress_jobs.dart
DA:14,2
DA:16,0
DA:18,0
DA:22,0
DA:23,0
DA:25,0
DA:26,0
DA:27,0
DA:28,0
DA:30,0
DA:31,0
DA:32,0
DA:33,0
DA:37,0
DA:38,0
DA:40,0
DA:42,0
DA:43,0
DA:45,0
DA:46,0
DA:70,0
DA:72,0
DA:73,0
DA:74,0
DA:76,0
DA:78,0
DA:80,0
DA:92,0
DA:93,0
DA:95,0
DA:96,0
DA:99,0
DA:101,0
DA:103,0
DA:104,0
DA:105,0
DA:106,0
DA:107,0
DA:108,0
DA:114,0
DA:115,0
DA:116,0
DA:126,0
DA:129,0
DA:130,0
DA:131,0
DA:132,0
DA:133,0
DA:137,0
DA:138,0
DA:139,0
DA:143,0
DA:144,0
DA:149,0
DA:156,0
DA:157,0
DA:158,0
DA:165,0
DA:166,0
DA:168,0
DA:169,0
DA:176,0
DA:177,0
DA:179,0
DA:181,0
DA:183,0
DA:184,0
DA:201,0
DA:205,0
DA:207,0
DA:214,0
DA:215,0
DA:217,0
DA:218,0
DA:220,0
DA:221,0
DA:222,0
DA:225,0
DA:226,0
DA:227,0
DA:237,0
DA:238,0
DA:239,0
DA:240,0
DA:241,0
DA:243,0
DA:248,0
DA:249,0
DA:250,0
DA:254,0
DA:255,0
DA:260,0
DA:264,0
DA:266,0
DA:267,0
DA:268,0
DA:274,0
DA:275,0
DA:276,0
DA:277,0
DA:278,0
DA:283,0
DA:284,0
DA:286,0
DA:287,0
DA:295,0
DA:296,0
DA:303,0
DA:304,0
DA:326,0
DA:328,0
DA:329,0
DA:330,0
DA:331,0
DA:332,0
DA:336,0
DA:341,0
DA:342,0
DA:345,0
DA:347,0
DA:351,0
DA:352,0
DA:365,0
DA:366,0
DA:368,0
DA:369,0
DA:371,0
DA:372,0
DA:382,0
DA:383,0
DA:385,0
DA:386,0
DA:387,0
DA:389,0
DA:395,0
DA:398,0
DA:412,0
DA:414,0
DA:415,0
DA:419,0
DA:420,0
LF:141
LH:1
end_of_record
SF:lib\features\customer\customer_jobs\presentation\view_model\customer_inprogress_viewmodel\customer_inprogress_state.dart
DA:13,0
DA:18,0
LF:2
LH:0
end_of_record
SF:lib\features\customer\customer_reviews\presentation\view\submit_review_view.dart
DA:13,0
DA:15,0
DA:16,0
DA:23,0
DA:24,0
DA:26,0
DA:27,0
DA:28,0
DA:36,0
DA:37,0
DA:38,0
DA:39,0
DA:41,0
DA:42,0
DA:49,0
DA:51,0
DA:52,0
DA:55,0
DA:57,0
DA:58,0
DA:59,0
DA:60,0
DA:61,0
DA:62,0
DA:68,0
DA:69,0
DA:71,0
DA:77,0
DA:79,0
DA:80,0
DA:81,0
DA:83,0
DA:89,0
DA:90,0
DA:97,0
DA:99,0
DA:100,0
DA:109,0
DA:110,0
DA:112,0
DA:114,0
DA:115,0
DA:120,0
DA:122,0
DA:123,0
DA:124,0
DA:129,0
LF:47
LH:0
end_of_record
SF:lib\features\customer\customer_jobs\presentation\view\customer_jobs\customer_posted_jobs.dart
DA:13,2
DA:15,0
DA:17,0
DA:18,0
DA:19,0
DA:21,0
DA:22,0
DA:23,0
DA:24,0
DA:26,0
DA:27,0
DA:28,0
DA:29,0
DA:33,0
DA:34,0
DA:36,0
DA:38,0
DA:39,0
DA:41,0
DA:42,0
DA:66,0
DA:68,0
DA:69,0
DA:70,0
DA:71,0
DA:82,0
DA:83,0
DA:84,0
DA:87,0
DA:89,0
DA:91,0
DA:93,0
DA:94,0
DA:95,0
DA:96,0
DA:100,0
DA:101,0
DA:102,0
DA:107,0
DA:118,0
DA:119,0
DA:121,0
DA:122,0
DA:123,0
DA:130,0
DA:133,0
DA:134,0
DA:135,0
DA:137,0
DA:142,0
DA:144,0
DA:145,0
DA:146,0
DA:149,0
DA:151,0
DA:153,0
DA:154,0
DA:155,0
DA:156,0
DA:158,0
DA:160,0
DA:162,0
DA:165,0
DA:167,0
DA:168,0
DA:169,0
DA:173,0
DA:174,0
DA:175,0
DA:176,0
DA:190,0
DA:199,0
DA:200,0
DA:201,0
DA:204,0
DA:210,0
DA:211,0
DA:213,0
DA:214,0
DA:215,0
DA:216,0
DA:233,0
DA:254,0
DA:255,0
DA:257,0
DA:258,0
DA:260,0
DA:261,0
LF:88
LH:1
end_of_record
SF:lib\features\customer\customer_jobs\presentation\view\worker_list_view.dart
DA:14,0
DA:20,0
DA:21,0
DA:29,0
DA:31,0
DA:32,0
DA:34,0
DA:35,0
DA:36,0
DA:40,0
DA:41,0
DA:42,0
DA:47,0
DA:49,0
DA:50,0
DA:51,0
DA:54,0
DA:56,0
DA:58,0
DA:59,0
DA:64,0
DA:65,0
DA:66,0
DA:67,0
DA:69,0
DA:70,0
DA:71,0
DA:75,0
DA:81,0
DA:84,0
DA:85,0
DA:86,0
DA:89,0
DA:90,0
DA:91,0
DA:93,0
DA:95,0
DA:103,0
DA:104,0
DA:107,0
DA:108,0
DA:113,0
DA:115,0
DA:116,0
DA:120,0
DA:121,0
DA:122,0
DA:123,0
DA:136,0
DA:138,0
DA:139,0
DA:140,0
DA:146,0
DA:147,0
DA:148,0
DA:150,0
DA:151,0
DA:152,0
DA:153,0
DA:156,0
DA:158,0
DA:159,0
DA:160,0
DA:161,0
DA:163,0
DA:164,0
DA:165,0
DA:166,0
DA:168,0
DA:179,0
DA:180,0
DA:181,0
DA:183,0
DA:185,0
DA:186,0
DA:188,0
DA:189,0
DA:190,0
DA:192,0
DA:193,0
DA:196,0
DA:198,0
DA:199,0
DA:202,0
DA:204,0
DA:205,0
DA:206,0
DA:208,0
DA:209,0
DA:210,0
DA:211,0
DA:216,0
DA:219,0
DA:224,0
DA:225,0
DA:233,0
DA:234,0
DA:243,0
DA:244,0
DA:247,0
DA:248,0
DA:249,0
DA:252,0
DA:253,0
DA:254,0
DA:264,0
DA:265,0
DA:271,0
DA:272,0
DA:273,0
DA:274,0
DA:280,0
DA:281,0
DA:284,0
DA:285,0
DA:287,0
DA:288,0
DA:294,0
DA:295,0
DA:298,0
DA:299,0
DA:300,0
DA:301,0
DA:307,0
DA:308,0
DA:309,0
DA:310,0
DA:314,0
DA:320,0
DA:321,0
DA:324,0
DA:326,0
DA:328,0
DA:335,0
DA:338,0
DA:339,0
DA:340,0
DA:341,0
DA:348,0
DA:351,0
DA:359,0
DA:361,0
DA:362,0
DA:364,0
DA:365,0
DA:367,0
DA:370,0
DA:371,0
DA:375,0
DA:378,0
DA:379,0
DA:382,0
DA:383,0
DA:386,0
DA:387,0
DA:389,0
DA:390,0
DA:391,0
DA:414,0
DA:415,0
DA:416,0
DA:417,0
DA:420,0
LF:163
LH:0
end_of_record
SF:lib\features\customer\customer_jobs\presentation\view_model\customer_jobs_view_model\customer_posted_jobs_state.dart
DA:5,0
DA:7,0
DA:8,0
DA:17,0
DA:19,0
DA:20,0
DA:25,0
DA:27,0
DA:28,0
LF:9
LH:0
end_of_record
SF:lib\features\customer\customer_jobs\presentation\view\customer_jobs\customer_requested_jobs.dart
DA:11,2
DA:13,0
DA:15,0
DA:19,0
DA:20,0
DA:22,0
DA:23,0
DA:24,0
DA:25,0
DA:27,0
DA:28,0
DA:29,0
DA:30,0
DA:34,0
DA:35,0
DA:37,0
DA:39,0
DA:40,0
DA:42,0
DA:43,0
DA:67,0
DA:69,0
DA:70,0
DA:71,0
DA:73,0
DA:75,0
DA:77,0
DA:89,0
DA:90,0
DA:92,0
DA:93,0
DA:96,0
DA:98,0
DA:100,0
DA:101,0
DA:102,0
DA:109,0
DA:110,0
DA:111,0
DA:121,0
DA:124,0
DA:125,0
DA:126,0
DA:127,0
DA:128,0
DA:132,0
DA:133,0
DA:134,0
DA:135,0
DA:136,0
DA:140,0
DA:141,0
DA:146,0
DA:152,0
DA:153,0
DA:169,0
DA:170,0
DA:171,0
DA:172,0
DA:173,0
DA:174,0
DA:179,0
DA:180,0
DA:199,0
DA:203,0
DA:205,0
DA:212,0
DA:214,0
DA:216,0
DA:217,0
DA:219,0
DA:220,0
DA:221,0
DA:224,0
DA:225,0
DA:226,0
DA:236,0
DA:237,0
DA:238,0
DA:239,0
DA:240,0
DA:242,0
DA:250,0
DA:251,0
DA:252,0
DA:253,0
DA:254,0
DA:258,0
DA:259,0
DA:260,0
DA:266,0
DA:272,0
DA:273,0
DA:289,0
DA:290,0
DA:292,0
DA:293,0
DA:294,0
DA:295,0
DA:296,0
DA:303,0
DA:304,0
DA:314,0
DA:315,0
DA:316,0
DA:319,0
DA:320,0
DA:321,0
DA:322,0
DA:323,0
DA:328,0
DA:329,0
DA:331,0
DA:332,0
DA:340,0
DA:341,0
DA:348,0
DA:349,0
DA:364,0
DA:365,0
DA:366,0
DA:367,0
DA:368,0
DA:369,0
DA:370,0
DA:371,0
DA:372,0
DA:373,0
DA:374,0
DA:379,0
DA:386,0
DA:390,0
DA:393,0
DA:394,0
DA:400,0
DA:401,0
DA:402,0
DA:403,0
DA:404,0
DA:405,0
DA:409,0
DA:413,0
DA:416,0
DA:417,0
DA:432,0
DA:433,0
DA:435,0
DA:436,0
DA:438,0
DA:439,0
DA:449,0
DA:450,0
DA:452,0
DA:453,0
DA:454,0
DA:456,0
LF:156
LH:1
end_of_record
SF:lib\features\customer\customer_jobs\presentation\view_model\customer_requested_jobs_viewmodel\customer_requested_jobs_state.dart
DA:5,0
DA:7,0
DA:8,0
DA:18,0
DA:20,0
DA:21,0
DA:27,0
DA:29,0
DA:30,0
LF:9
LH:0
end_of_record
SF:lib\features\customer\customer_jobs\presentation\view_model\customer_post_job_view_model\customer_post_job_event.dart
DA:6,0
DA:8,0
DA:9,0
DA:23,0
DA:33,0
DA:34,0
LF:6
LH:0
end_of_record
SF:lib\features\customer\customer_jobs\presentation\view_model\customer_post_job_view_model\customer_post_job_state.dart
DA:6,0
DA:8,0
DA:9,0
DA:19,0
DA:21,0
DA:22,0
DA:28,0
DA:30,0
DA:31,0
DA:41,0
DA:43,0
DA:44,0
LF:12
LH:0
end_of_record
SF:lib\features\customer\customer_jobs\presentation\view_model\worker_list_viewmodel\worker_list_event.dart
DA:5,0
DA:7,0
DA:8,0
DA:14,0
DA:16,0
DA:17,0
DA:25,0
DA:31,0
DA:32,0
LF:9
LH:0
end_of_record
SF:lib\features\customer\customer_jobs\presentation\view_model\worker_list_viewmodel\worker_list_state.dart
DA:7,0
DA:9,0
DA:10,0
DA:20,0
DA:22,0
DA:23,0
DA:29,0
DA:31,0
DA:32,0
DA:42,0
DA:44,0
DA:45,0
LF:12
LH:0
end_of_record
SF:lib\features\customer\customer_reviews\domain\entity\customer_reviews_entity.dart
DA:15,2
DA:30,0
DA:31,0
DA:32,0
DA:33,0
DA:34,0
DA:35,0
DA:36,0
DA:37,0
DA:38,0
DA:39,0
DA:40,0
DA:41,0
LF:13
LH:1
end_of_record
SF:lib\features\customer\customer_reviews\data\model\customer_reviews_api_model.dart
DA:22,0
DA:35,0
DA:36,0
DA:38,0
DA:40,0
DA:41,0
DA:42,0
DA:43,0
DA:44,0
DA:45,0
DA:46,0
DA:47,0
DA:48,0
DA:49,0
DA:50,0
DA:51,0
DA:55,0
DA:56,0
DA:57,0
DA:58,0
DA:59,0
DA:60,0
DA:61,0
DA:62,0
DA:63,0
DA:64,0
DA:65,0
DA:66,0
DA:70,0
DA:73,0
DA:76,0
DA:77,0
DA:78,0
DA:79,0
DA:80,0
DA:81,0
DA:82,0
DA:83,0
DA:84,0
DA:85,0
DA:86,0
DA:87,0
LF:42
LH:0
end_of_record
SF:lib\features\customer\customer_reviews\data\model\customer_reviews_api_model.g.dart
DA:9,0
DA:11,0
DA:12,0
DA:13,0
DA:14,0
DA:15,0
DA:16,0
DA:17,0
DA:18,0
DA:19,0
DA:20,0
DA:21,0
DA:24,0
DA:26,0
DA:27,0
DA:28,0
DA:29,0
DA:30,0
DA:31,0
DA:32,0
DA:33,0
DA:34,0
DA:35,0
DA:36,0
LF:24
LH:0
end_of_record
SF:lib\features\customer\customer_reviews\presentation\view_model\customer_reviews_event.dart
DA:5,0
DA:7,0
DA:8,0
DA:18,0
DA:26,0
DA:27,0
LF:6
LH:0
end_of_record
SF:lib\features\customer\customer_reviews\presentation\view_model\customer_reviews_state.dart
DA:4,0
DA:6,0
DA:7,0
DA:19,0
DA:21,0
DA:22,0
LF:6
LH:0
end_of_record
SF:lib\features\customer\customer_workers\data\dto\get_matching_worker_dto.dart
DA:13,0
DA:20,0
DA:21,0
DA:23,0
LF:4
LH:0
end_of_record
SF:lib\features\customer\customer_workers\data\dto\get_matching_worker_dto.g.dart
DA:9,0
DA:11,0
DA:12,0
DA:13,0
DA:14,0
DA:15,0
DA:16,0
DA:17,0
DA:18,0
DA:21,0
DA:23,0
DA:24,0
DA:25,0
DA:26,0
DA:27,0
LF:15
LH:0
end_of_record
SF:lib\features\onboarding\presentation\view\onboarding_view.dart
DA:9,3
DA:11,1
DA:13,1
DA:14,2
DA:21,2
DA:23,1
DA:25,1
DA:27,1
DA:28,1
DA:29,1
DA:30,1
DA:31,1
DA:32,1
DA:33,1
DA:34,1
DA:35,1
DA:36,1
DA:37,1
DA:38,1
DA:39,1
DA:46,1
DA:53,1
DA:63,1
DA:66,1
DA:67,1
DA:70,1
DA:71,0
DA:72,0
DA:74,1
DA:76,1
DA:77,1
DA:86,1
DA:88,1
DA:89,1
DA:91,1
DA:92,1
DA:102,1
DA:103,1
DA:105,1
DA:112,1
DA:114,1
DA:115,1
DA:116,1
DA:121,1
DA:122,1
DA:145,1
DA:151,3
DA:152,3
DA:154,1
DA:156,1
DA:157,1
DA:163,1
DA:164,1
DA:165,1
DA:166,1
DA:167,1
DA:169,1
DA:170,1
DA:172,1
DA:173,1
DA:178,2
DA:179,1
DA:181,1
DA:182,1
LF:64
LH:62
end_of_record
SF:lib\features\selection\presentation\view\selection_view.dart
DA:9,0
DA:11,0
DA:13,0
DA:14,0
DA:16,0
DA:18,0
DA:19,0
DA:20,0
DA:21,0
DA:22,0
DA:23,0
DA:25,0
DA:26,0
DA:27,0
DA:28,0
DA:57,0
DA:59,0
DA:60,0
DA:64,0
DA:66,0
DA:67,0
DA:68,0
DA:70,0
DA:74,0
DA:76,0
DA:77,0
DA:78,0
DA:83,0
DA:85,0
DA:87,0
DA:89,0
DA:90,0
DA:91,0
DA:92,0
DA:94,0
DA:98,0
DA:99,0
DA:122,0
DA:129,0
DA:130,0
DA:133,0
DA:135,0
DA:140,0
DA:142,0
DA:143,0
DA:145,0
DA:150,0
DA:151,0
DA:152,0
DA:156,0
LF:50
LH:0
end_of_record
SF:lib\features\selection\presentation\view_model\selection_state.dart
DA:4,2
DA:6,0
DA:7,0
LF:3
LH:1
end_of_record
SF:lib\features\worker\my_job\presentation\view\my_job_view.dart
DA:4,2
DA:6,0
DA:8,0
LF:3
LH:1
end_of_record
SF:lib\features\worker\search_job\presentation\view\search_page_view.dart
DA:4,2
DA:6,0
DA:8,0
LF:3
LH:1
end_of_record
SF:lib\features\worker\woker_profile\presentation\view\profile_page_view.dart
DA:9,2
DA:11,0
DA:12,0
DA:13,0
DA:15,0
DA:16,0
DA:18,0
DA:20,0
DA:22,0
DA:23,0
DA:25,0
DA:26,0
DA:30,0
DA:36,0
DA:38,0
DA:40,0
DA:41,0
DA:42,0
LF:18
LH:1
end_of_record
SF:lib\features\worker\worker_dashboard\presentation\view\home_page_view.dart
DA:7,2
DA:9,0
DA:10,0
DA:21,0
DA:22,0
DA:25,0
DA:27,0
DA:29,0
DA:30,0
DA:32,0
DA:47,0
DA:49,0
DA:50,0
DA:51,0
DA:52,0
DA:53,0
DA:56,0
DA:57,0
DA:58,0
DA:60,0
DA:61,0
DA:62,0
DA:63,0
DA:64,0
DA:67,0
DA:68,0
DA:72,0
DA:73,0
DA:76,0
DA:77,0
DA:81,0
DA:82,0
DA:83,0
DA:84,0
DA:105,0
DA:106,0
DA:107,0
DA:108,0
DA:109,0
DA:110,0
DA:115,0
DA:116,0
DA:117,0
DA:120,0
DA:122,0
DA:123,0
DA:124,0
DA:125,0
DA:128,0
DA:129,0
DA:132,0
DA:149,0
DA:150,0
DA:151,0
DA:153,0
DA:165,0
DA:166,0
DA:178,0
DA:179,0
DA:180,0
DA:181,0
DA:182,0
DA:183,0
LF:63
LH:1
end_of_record
SF:lib\features\worker\worker_dashboard\presentation\view_model\worker_dashboard_event.dart
DA:4,0
DA:6,0
DA:7,0
DA:13,0
DA:15,0
DA:16,0
LF:6
LH:0
end_of_record
SF:lib\features\worker\worker_dashboard\presentation\view_model\worker_dashboard_state.dart
DA:8,0
DA:13,0
DA:17,0
DA:18,0
DA:19,0
DA:23,0
DA:24,0
LF:7
LH:0
end_of_record
