SF:lib\app\shared_pref\token_shared_prefs.dart
DA:8,0
DA:11,0
DA:13,0
DA:16,0
DA:20,0
DA:22,0
DA:23,0
DA:25,0
DA:29,0
DA:31,0
DA:34,0
DA:38,0
DA:40,0
DA:41,0
DA:43,0
DA:48,0
DA:50,0
DA:53,0
DA:58,0
DA:60,0
DA:61,0
DA:63,0
DA:68,0
DA:70,0
DA:73,0
DA:78,0
DA:80,0
DA:81,0
DA:83,0
DA:87,0
DA:89,0
DA:90,0
DA:91,0
DA:92,0
DA:95,0
DA:99,0
DA:100,0
DA:101,0
LF:38
LH:0
end_of_record
SF:lib\features\auth\domain\entity\auth_entity.dart
DA:21,2
DA:38,0
DA:39,0
DA:40,0
DA:41,0
DA:42,0
DA:43,0
DA:44,0
DA:45,0
DA:46,0
DA:47,0
DA:48,0
DA:49,0
DA:50,0
DA:51,0
DA:52,0
DA:53,0
LF:17
LH:1
end_of_record
SF:lib\features\auth\domain\use_case\auth_register_usecase.dart
DA:15,1
DA:24,0
DA:32,0
DA:33,0
DA:40,1
DA:43,1
DA:45,1
DA:46,1
DA:47,1
DA:48,1
DA:49,1
DA:50,1
DA:52,2
LF:13
LH:10
end_of_record
SF:lib\features\auth\data\model\login_response_model.dart
DA:14,0
DA:21,0
DA:22,0
DA:24,0
DA:26,0
DA:27,0
LF:6
LH:0
end_of_record
SF:lib\features\auth\data\model\login_response_model.g.dart
DA:9,0
DA:10,0
DA:11,0
DA:12,0
DA:13,0
DA:14,0
DA:17,0
DA:18,0
DA:19,0
DA:20,0
DA:21,0
DA:22,0
LF:12
LH:0
end_of_record
SF:lib\core\error\failure.dart
DA:6,13
DA:8,1
DA:9,2
DA:13,0
DA:18,13
DA:22,0
LF:6
LH:4
end_of_record
SF:lib\features\customer\customer_category\domain\entity\customer_category_entity.dart
DA:10,32
DA:18,42
DA:25,5
DA:26,5
DA:27,5
DA:28,5
DA:29,5
DA:30,5
DA:31,5
LF:9
LH:9
end_of_record
SF:lib\features\customer\customer_jobs\domain\entity\customer_jobs_entity.dart
DA:19,5
DA:34,5
DA:35,5
DA:36,5
DA:37,5
DA:38,5
DA:39,5
DA:40,5
DA:41,5
DA:42,5
DA:43,5
DA:44,5
DA:45,5
DA:46,5
DA:47,5
LF:15
LH:15
end_of_record
SF:lib\features\customer\customer_workers\domain\entity\customer_worker_entity.dart
DA:16,0
DA:29,42
DA:41,0
DA:42,0
DA:43,0
DA:44,0
DA:45,0
DA:46,0
DA:47,0
DA:48,0
DA:49,0
DA:50,0
DA:51,0
DA:52,0
LF:14
LH:1
end_of_record
SF:lib\features\customer\customer_jobs\domain\use_case\reject_requested_job_usecase.dart
DA:11,1
DA:13,0
DA:14,0
DA:22,1
DA:28,1
DA:30,2
DA:31,1
DA:32,2
DA:33,1
DA:34,3
LF:10
LH:8
end_of_record
SF:lib\features\auth\domain\use_case\auth_update_customer_usecase.dart
DA:15,1
DA:17,0
DA:18,0
DA:26,1
DA:32,1
DA:34,2
DA:35,1
DA:36,2
DA:37,3
DA:38,1
DA:39,1
DA:40,1
LF:12
LH:10
end_of_record
SF:lib\features\auth\domain\use_case\get_current_user_usecase.dart
DA:12,1
DA:18,1
DA:20,2
DA:21,1
DA:22,2
DA:23,3
LF:6
LH:6
end_of_record
SF:lib\app\service_locater\service_locater.dart
DA:60,6
DA:62,0
DA:63,0
DA:64,0
DA:65,0
DA:66,0
DA:67,0
DA:68,0
DA:69,0
DA:72,0
DA:73,0
DA:74,0
DA:76,0
DA:79,0
DA:81,0
DA:85,0
DA:86,0
DA:90,0
DA:91,0
DA:95,0
DA:96,0
DA:97,0
DA:98,0
DA:99,0
DA:100,0
DA:106,0
DA:107,0
DA:111,0
DA:112,0
DA:116,0
DA:117,0
DA:121,0
DA:122,0
DA:123,0
DA:126,0
DA:127,0
DA:128,0
DA:129,0
DA:133,0
DA:134,0
DA:135,0
DA:139,0
DA:140,0
DA:141,0
DA:145,0
DA:146,0
DA:147,0
DA:148,0
DA:152,0
DA:153,0
DA:154,0
DA:158,0
DA:159,0
DA:160,0
DA:161,0
DA:165,0
DA:166,0
DA:167,0
DA:168,0
DA:172,0
DA:173,0
DA:176,0
DA:177,0
DA:178,0
DA:179,0
DA:192,0
DA:193,0
DA:197,0
DA:199,0
DA:200,0
DA:201,0
DA:204,0
DA:205,0
DA:206,0
DA:210,0
DA:211,0
DA:212,0
DA:215,0
DA:216,0
DA:217,0
DA:221,0
DA:222,0
DA:223,0
DA:224,0
DA:227,0
DA:228,0
DA:230,0
DA:231,0
DA:235,0
DA:236,0
DA:237,0
DA:238,0
DA:242,0
DA:243,0
DA:244,0
DA:245,0
DA:249,0
DA:250,0
DA:251,0
DA:252,0
DA:256,0
DA:257,0
DA:258,0
DA:259,0
DA:263,0
DA:264,0
DA:265,0
DA:266,0
DA:270,0
DA:271,0
DA:272,0
DA:273,0
DA:277,0
DA:278,0
DA:279,0
DA:280,0
DA:284,0
DA:285,0
DA:286,0
DA:287,0
DA:291,0
DA:292,0
DA:293,0
DA:294,0
DA:298,0
DA:299,0
DA:300,0
DA:301,0
DA:305,0
DA:306,0
DA:307,0
DA:308,0
DA:312,0
DA:313,0
DA:314,0
DA:315,0
DA:319,0
DA:320,0
DA:321,0
DA:322,0
DA:323,0
DA:327,0
DA:328,0
DA:329,0
DA:330,0
DA:334,0
DA:335,0
DA:336,0
DA:340,0
DA:341,0
DA:342,0
DA:343,0
DA:347,0
DA:348,0
DA:349,0
DA:350,0
DA:354,0
DA:355,0
DA:356,0
DA:357,0
DA:363,0
DA:364,0
DA:365,0
DA:366,0
DA:370,0
DA:371,0
DA:373,0
DA:377,0
DA:378,0
DA:380,0
DA:381,0
DA:386,0
DA:387,0
DA:388,0
DA:389,0
DA:390,0
DA:395,0
DA:396,0
DA:397,0
DA:398,0
DA:402,0
DA:403,0
DA:405,0
DA:409,0
DA:410,0
DA:412,0
DA:413,0
DA:417,0
DA:418,0
DA:419,0
DA:423,0
DA:424,0
DA:426,0
DA:427,0
DA:431,0
DA:432,0
DA:434,0
DA:435,0
DA:439,0
DA:440,0
DA:442,0
DA:443,0
DA:447,0
DA:448,0
DA:449,0
DA:450,0
DA:451,0
DA:456,0
DA:457,0
DA:458,0
DA:461,0
DA:462,0
DA:463,0
DA:464,0
LF:214
LH:1
end_of_record
SF:lib\core\common\kaammaa_loading_overlay.dart
DA:8,2
DA:14,2
DA:16,2
DA:17,2
DA:18,2
DA:19,2
DA:20,2
DA:23,2
DA:25,2
DA:26,2
DA:28,2
DA:30,2
DA:31,2
DA:32,2
DA:33,2
DA:39,2
DA:40,2
DA:41,2
LF:18
LH:18
end_of_record
SF:lib\features\auth\presentation\view\login_view.dart
DA:12,22
DA:14,1
DA:15,1
DA:24,1
DA:26,2
DA:28,1
DA:29,3
DA:30,1
DA:31,1
DA:32,1
DA:34,1
DA:36,1
DA:37,1
DA:38,1
DA:39,1
DA:41,1
DA:42,1
DA:43,1
DA:45,1
DA:46,1
DA:48,1
DA:49,1
DA:51,1
DA:52,1
DA:54,0
DA:55,0
DA:59,1
DA:75,1
DA:76,1
DA:77,1
DA:78,1
DA:79,1
DA:80,1
DA:83,1
DA:84,1
DA:91,1
DA:92,1
DA:94,1
DA:95,1
DA:96,1
DA:101,1
DA:102,1
DA:103,1
DA:108,1
DA:109,2
DA:110,1
DA:111,1
DA:120,1
DA:122,1
DA:124,1
DA:131,1
DA:133,1
DA:134,1
DA:136,2
DA:141,1
DA:143,1
DA:144,1
DA:146,2
DA:148,3
DA:149,1
DA:151,2
DA:156,1
DA:173,1
DA:178,1
DA:179,1
DA:181,1
DA:182,1
DA:184,1
DA:185,1
DA:190,1
DA:192,1
DA:193,3
DA:194,0
DA:195,0
DA:197,0
DA:198,0
DA:216,1
DA:217,1
DA:218,1
DA:220,1
DA:225,1
DA:227,1
DA:228,0
DA:229,0
LF:84
LH:76
end_of_record
SF:lib\features\auth\presentation\view_model\login_view_model\login_event.dart
DA:9,0
DA:15,0
DA:23,0
LF:3
LH:0
end_of_record
SF:lib\features\auth\presentation\view_model\login_view_model\login_state.dart
DA:7,1
DA:9,22
DA:11,0
DA:12,0
DA:13,0
DA:14,0
DA:18,0
DA:19,0
LF:8
LH:2
end_of_record
SF:lib\features\auth\presentation\view_model\login_view_model\login_view_model.dart
DA:20,0
DA:21,0
DA:22,0
DA:23,0
DA:24,0
DA:27,0
DA:31,0
DA:33,0
DA:34,0
DA:36,0
DA:37,0
DA:40,0
DA:41,0
DA:42,0
DA:43,0
DA:44,0
DA:50,0
DA:51,0
DA:53,0
DA:54,0
DA:56,0
DA:62,0
DA:66,0
DA:67,0
DA:68,0
DA:70,0
DA:71,0
DA:72,0
DA:73,0
DA:75,0
DA:81,0
DA:85,0
DA:87,0
DA:88,0
DA:89,0
DA:90,0
DA:96,0
DA:98,0
DA:99,0
DA:100,0
DA:102,0
DA:103,0
DA:107,0
DA:110,0
DA:111,0
LF:45
LH:0
end_of_record
SF:lib\app\constant\api\api_endpoints.dart
DA:2,0
LF:1
LH:0
end_of_record
SF:lib\app\constant\chat\chat_service.dart
DA:18,0
DA:20,0
DA:22,0
DA:23,0
DA:24,0
DA:27,0
DA:28,0
DA:29,0
DA:30,0
DA:31,0
DA:33,0
DA:34,0
DA:37,0
DA:40,0
DA:44,0
DA:45,0
DA:46,0
DA:50,0
DA:51,0
DA:52,0
DA:53,0
DA:54,0
DA:55,0
DA:56,0
DA:59,0
DA:62,0
DA:63,0
DA:64,0
DA:67,0
DA:68,0
DA:70,0
DA:71,0
DA:72,0
DA:73,0
DA:74,0
DA:77,0
DA:78,0
DA:82,0
DA:83,0
DA:84,0
DA:86,0
DA:89,0
DA:90,0
DA:92,0
DA:94,0
DA:95,0
DA:97,0
DA:101,0
DA:102,0
DA:103,0
DA:105,0
DA:107,0
DA:109,0
DA:110,0
DA:111,0
DA:113,0
DA:116,0
DA:117,0
DA:121,0
DA:122,0
DA:123,0
DA:124,0
DA:125,0
DA:126,0
DA:128,0
DA:129,0
LF:66
LH:0
end_of_record
SF:lib\app\constant\hive\hive_table_constant.dart
DA:2,0
LF:1
LH:0
end_of_record
SF:lib\core\network\api_service.dart
DA:9,0
DA:11,0
DA:12,0
DA:13,0
DA:14,0
DA:15,0
DA:16,0
DA:17,0
DA:18,0
DA:24,0
LF:10
LH:0
end_of_record
SF:lib\core\network\hive_service.dart
DA:7,0
DA:9,0
DA:10,0
DA:12,0
DA:15,0
DA:18,0
DA:19,0
DA:20,0
DA:23,0
DA:24,0
DA:27,0
DA:28,0
DA:29,0
DA:30,0
DA:33,0
LF:15
LH:0
end_of_record
SF:lib\features\auth\data\data_source\local_data_source\auth_local_data_source.dart
DA:12,0
DA:15,0
DA:18,0
DA:19,0
DA:21,0
DA:25,0
DA:28,0
DA:31,0
DA:34,0
DA:37,0
DA:45,0
LF:11
LH:0
end_of_record
SF:lib\features\auth\data\data_source\remote_data_source\auth_remote_datasource.dart
DA:19,0
DA:25,0
DA:32,0
DA:34,0
DA:38,0
DA:39,0
DA:41,0
DA:46,0
DA:49,0
DA:51,0
DA:53,0
DA:55,0
DA:56,0
DA:57,0
DA:61,0
DA:62,0
DA:63,0
DA:64,0
DA:68,0
DA:75,0
DA:77,0
DA:78,0
DA:80,0
DA:84,0
DA:87,0
DA:88,0
DA:90,0
DA:93,0
DA:96,0
DA:98,0
DA:99,0
DA:101,0
DA:105,0
DA:108,0
DA:110,0
DA:113,0
DA:114,0
DA:115,0
DA:117,0
DA:118,0
DA:121,0
DA:122,0
DA:124,0
DA:128,0
DA:136,0
DA:138,0
DA:139,0
DA:142,0
DA:143,0
DA:144,0
DA:145,0
DA:147,0
DA:148,0
DA:150,0
DA:158,0
DA:161,0
DA:162,0
DA:163,0
DA:169,0
DA:172,0
DA:174,0
DA:175,0
DA:177,0
LF:63
LH:0
end_of_record
SF:lib\features\auth\data\repository\local_repository\auth_local_repository.dart
DA:13,0
DA:29,0
DA:32,0
DA:33,0
DA:35,0
DA:39,0
DA:45,0
DA:48,0
DA:51,0
DA:54,0
DA:62,0
LF:11
LH:0
end_of_record
SF:lib\features\auth\data\repository\remote_repository\auth_remote_repository.dart
DA:13,0
DA:16,0
DA:24,0
DA:29,0
DA:32,0
DA:36,0
DA:39,0
DA:42,0
DA:46,0
DA:49,0
DA:50,0
DA:52,0
DA:56,0
DA:64,0
DA:67,0
LF:15
LH:0
end_of_record
SF:lib\features\auth\domain\use_case\auth_login_usecase.dart
DA:14,0
DA:16,0
DA:17,0
DA:18,0
DA:27,0
DA:33,0
DA:36,0
DA:37,0
DA:38,0
DA:41,0
DA:44,0
DA:45,0
DA:46,0
DA:47,0
DA:52,0
DA:53,0
DA:54,0
DA:55,0
DA:60,0
DA:61,0
DA:65,0
DA:66,0
DA:67,0
DA:68,0
DA:74,0
DA:75,0
DA:76,0
DA:77,0
DA:78,0
DA:83,0
LF:30
LH:0
end_of_record
SF:lib\features\auth\presentation\view_model\signup_view_model\signup_view_model.dart
DA:15,0
DA:16,0
DA:17,0
DA:18,0
DA:21,0
DA:25,0
DA:27,0
DA:30,0
DA:31,0
DA:32,0
DA:33,0
DA:34,0
DA:36,0
DA:37,0
DA:38,0
DA:39,0
DA:40,0
DA:41,0
DA:42,0
DA:46,0
DA:47,0
DA:48,0
DA:50,0
DA:51,0
DA:52,0
DA:59,0
DA:60,0
DA:62,0
DA:63,0
DA:64,0
DA:65,0
DA:67,0
DA:68,0
DA:69,0
DA:73,0
DA:74,0
DA:84,0
DA:88,0
DA:89,0
DA:90,0
DA:91,0
DA:93,0
DA:94,0
DA:95,0
LF:44
LH:0
end_of_record
SF:lib\features\customer\customer_home\presentation\view_model\customer_home_viewmodel.dart
DA:11,1
DA:14,2
DA:15,2
DA:18,1
DA:22,2
DA:24,2
DA:25,2
DA:27,1
DA:28,3
DA:29,1
DA:30,1
DA:31,1
DA:32,2
DA:33,1
DA:34,1
DA:35,1
DA:36,1
LF:17
LH:17
end_of_record
SF:lib\features\customer\customer_jobs\domain\use_case\accept_requested_job_usecase.dart
DA:12,1
DA:14,0
DA:15,0
DA:23,1
DA:29,1
DA:31,2
DA:32,1
DA:33,2
DA:34,3
DA:36,1
DA:37,1
LF:11
LH:9
end_of_record
SF:lib\features\customer\customer_jobs\domain\use_case\cancel_assigned_job_usecase.dart
DA:11,2
DA:13,0
DA:14,0
DA:22,1
DA:27,1
DA:29,2
DA:30,1
DA:31,2
DA:32,1
DA:33,3
LF:10
LH:8
end_of_record
SF:lib\features\customer\customer_jobs\domain\use_case\delete_failed_jobs_usecase.dart
DA:11,2
DA:13,0
DA:14,0
DA:21,1
DA:27,1
DA:29,2
DA:30,1
DA:31,2
DA:32,1
DA:33,3
LF:10
LH:8
end_of_record
SF:lib\features\customer\customer_jobs\domain\use_case\get_assigned_job_usecase.dart
DA:13,0
DA:19,0
DA:21,0
DA:22,0
DA:23,0
DA:24,0
LF:6
LH:0
end_of_record
SF:lib\features\customer\customer_jobs\domain\use_case\get_failed_jobs_usecase.dart
DA:12,0
DA:18,0
DA:20,0
DA:21,0
DA:22,0
DA:23,0
LF:6
LH:0
end_of_record
SF:lib\features\customer\customer_jobs\domain\use_case\get_inprogress_job_usecase.dart
DA:13,0
DA:19,0
DA:21,0
DA:22,0
DA:23,0
DA:24,0
LF:6
LH:0
end_of_record
SF:lib\features\customer\customer_jobs\domain\use_case\get_requested_jobs_usecase.dart
DA:13,0
DA:19,0
DA:21,0
DA:22,0
DA:23,0
DA:24,0
LF:6
LH:0
end_of_record
SF:lib\features\customer\customer_jobs\presentation\view_model\customer_assigned_job_view_model\customer_assigned_job_view_model.dart
DA:15,1
DA:20,2
DA:21,2
DA:22,2
DA:25,1
DA:29,2
DA:30,2
DA:31,1
DA:32,4
DA:33,3
DA:37,0
DA:41,0
DA:43,0
DA:44,0
DA:46,0
DA:47,0
DA:48,0
DA:49,0
DA:50,0
DA:54,0
DA:56,0
DA:57,0
DA:58,0
DA:63,0
LF:24
LH:10
end_of_record
SF:lib\features\customer\customer_category\data\data_source\remote_data_source\customer_category_remote_datasource.dart
DA:12,0
DA:15,0
DA:20,0
DA:22,0
DA:24,0
DA:25,0
DA:27,0
DA:29,0
DA:30,0
DA:34,0
DA:35,0
DA:38,0
DA:40,0
DA:43,0
LF:14
LH:0
end_of_record
SF:lib\features\customer\customer_category\data\repository\remote_repository\customer_category_remote_repository.dart
DA:10,0
DA:14,0
DA:19,0
DA:20,0
DA:21,0
DA:23,0
LF:6
LH:0
end_of_record
SF:lib\features\customer\customer_category\domain\use_case\get_all_customer_category_usecase.dart
DA:13,0
DA:19,0
DA:21,0
DA:22,0
DA:23,0
DA:24,0
DA:25,0
LF:7
LH:0
end_of_record
SF:lib\features\customer\customer_dashboard\presentation\view_model\customer_dashboard_view_model.dart
DA:30,0
DA:31,0
DA:32,0
DA:34,0
DA:35,0
DA:37,0
DA:38,0
DA:39,0
DA:41,0
DA:42,0
DA:43,0
DA:45,0
DA:46,0
DA:48,0
DA:50,0
DA:51,0
DA:53,0
DA:55,0
DA:56,0
DA:58,0
DA:60,0
DA:61,0
DA:66,0
DA:67,0
DA:68,0
DA:70,0
DA:71,0
DA:72,0
DA:74,0
DA:75,0
DA:76,0
DA:81,0
DA:82,0
DA:85,0
DA:88,0
DA:92,0
DA:95,0
DA:99,0
DA:100,0
DA:101,0
DA:104,0
DA:105,0
DA:106,0
DA:107,0
DA:108,0
LF:45
LH:0
end_of_record
SF:lib\features\customer\customer_jobs\data\data_source\remote_data_source.dart\customer_jobs_remote_datasource.dart
DA:14,0
DA:17,0
DA:20,0
DA:22,0
DA:24,0
DA:25,0
DA:27,0
DA:28,0
DA:29,0
DA:32,0
DA:33,0
DA:36,0
DA:37,0
DA:39,0
DA:43,0
DA:49,0
DA:53,0
DA:55,0
DA:56,0
DA:58,0
DA:60,0
DA:63,0
DA:65,0
DA:66,0
DA:68,0
DA:72,0
DA:79,0
DA:81,0
DA:82,0
DA:84,0
DA:86,0
DA:89,0
DA:90,0
DA:93,0
DA:94,0
DA:96,0
DA:97,0
DA:102,0
DA:105,0
DA:106,0
DA:107,0
DA:109,0
DA:110,0
DA:113,0
DA:114,0
DA:117,0
DA:118,0
DA:120,0
DA:124,0
DA:127,0
DA:129,0
DA:131,0
DA:132,0
DA:133,0
DA:134,0
DA:136,0
DA:137,0
DA:140,0
DA:141,0
DA:144,0
DA:145,0
DA:147,0
DA:151,0
DA:154,0
DA:155,0
DA:156,0
DA:158,0
DA:159,0
DA:161,0
DA:162,0
DA:165,0
DA:166,0
DA:168,0
DA:172,0
DA:175,0
DA:177,0
DA:179,0
DA:181,0
DA:182,0
DA:184,0
DA:185,0
DA:188,0
DA:189,0
DA:191,0
DA:195,0
DA:202,0
DA:204,0
DA:205,0
DA:207,0
DA:209,0
DA:212,0
DA:213,0
DA:216,0
DA:217,0
DA:219,0
DA:223,0
DA:226,0
DA:228,0
DA:229,0
DA:231,0
DA:232,0
DA:234,0
DA:235,0
DA:238,0
DA:239,0
DA:241,0
DA:245,0
DA:248,0
DA:250,0
DA:252,0
DA:254,0
DA:255,0
DA:257,0
DA:258,0
DA:261,0
DA:262,0
DA:264,0
DA:268,0
DA:274,0
DA:275,0
DA:276,0
DA:278,0
DA:279,0
DA:281,0
DA:282,0
DA:285,0
DA:286,0
DA:288,0
DA:289,0
DA:294,0
DA:297,0
DA:299,0
DA:301,0
DA:303,0
DA:304,0
DA:306,0
DA:307,0
DA:310,0
DA:311,0
DA:313,0
LF:140
LH:0
end_of_record
SF:lib\features\customer\customer_jobs\data\repository\remote_respository\customer_jobs_remote_repository.dart
DA:9,0
DA:13,0
DA:18,0
DA:19,0
DA:21,0
DA:22,0
DA:27,0
DA:33,0
DA:36,0
DA:40,0
DA:47,0
DA:50,0
DA:51,0
DA:56,0
DA:62,0
DA:65,0
DA:66,0
DA:71,0
DA:76,0
DA:77,0
DA:79,0
DA:80,0
DA:85,0
DA:91,0
DA:94,0
DA:95,0
DA:100,0
DA:105,0
DA:106,0
DA:108,0
DA:109,0
DA:114,0
DA:121,0
DA:122,0
DA:124,0
DA:125,0
DA:130,0
DA:136,0
DA:137,0
DA:139,0
DA:140,0
DA:145,0
DA:150,0
DA:151,0
DA:153,0
DA:154,0
DA:155,0
DA:161,0
DA:166,0
DA:167,0
DA:169,0
DA:170,0
DA:175,0
DA:181,0
DA:184,0
DA:185,0
LF:56
LH:0
end_of_record
SF:lib\features\customer\customer_jobs\domain\use_case\assign_worker_usecase.dart
DA:12,1
DA:14,0
DA:15,0
DA:22,1
DA:28,1
DA:30,2
DA:31,1
DA:32,2
DA:33,3
DA:35,1
DA:36,1
LF:11
LH:9
end_of_record
SF:lib\features\customer\customer_jobs\domain\use_case\delete_posted_job_usecase.dart
DA:11,2
DA:13,0
DA:14,0
DA:22,1
DA:28,1
DA:30,2
DA:31,1
DA:32,2
DA:33,1
DA:34,3
LF:10
LH:8
end_of_record
SF:lib\features\customer\customer_jobs\domain\use_case\get_all_public_jobs_usecase.dart
DA:13,0
DA:19,0
DA:21,0
DA:22,0
DA:23,0
DA:24,0
LF:6
LH:0
end_of_record
SF:lib\features\customer\customer_jobs\domain\use_case\post_public_job_usecase.dart
DA:17,0
DA:25,0
DA:26,0
DA:34,0
DA:40,0
DA:42,0
DA:43,0
DA:44,0
DA:45,0
DA:46,0
DA:47,0
DA:49,0
DA:50,0
DA:51,0
DA:52,0
DA:53,0
LF:16
LH:0
end_of_record
SF:lib\features\customer\customer_jobs\presentation\view_model\customer_failed_job_view_model\customer_failed_job_view_model.dart
DA:14,1
DA:19,2
DA:20,2
DA:21,2
DA:24,1
DA:28,2
DA:29,2
DA:31,1
DA:32,4
DA:33,3
DA:37,0
DA:41,0
DA:42,0
DA:45,0
DA:46,0
DA:47,0
DA:48,0
DA:52,0
DA:53,0
DA:54,0
DA:59,0
LF:21
LH:10
end_of_record
SF:lib\features\customer\customer_jobs\presentation\view_model\customer_inprogress_viewmodel\customer_inprogress_viewmodel.dart
DA:11,1
DA:12,2
DA:13,2
DA:14,2
DA:15,2
DA:16,1
DA:17,1
DA:18,3
DA:19,3
LF:9
LH:9
end_of_record
SF:lib\features\customer\customer_jobs\presentation\view_model\customer_jobs_view_model\customer_posted_jobs_viewmodel.dart
DA:15,1
DA:18,2
DA:19,2
DA:20,2
DA:22,2
DA:23,3
DA:25,1
DA:26,4
DA:27,3
DA:31,1
DA:32,0
DA:33,0
DA:35,0
DA:36,0
DA:39,0
DA:40,0
DA:41,0
DA:43,0
DA:45,0
DA:48,0
DA:49,0
DA:53,0
DA:55,0
LF:23
LH:10
end_of_record
SF:lib\features\customer\customer_jobs\presentation\view_model\customer_post_job_view_model\customer_post_job_viewmodel.dart
DA:18,0
DA:21,0
DA:22,0
DA:23,0
DA:24,0
DA:26,0
DA:27,0
DA:28,0
DA:32,0
DA:33,0
DA:35,0
DA:36,0
DA:37,0
DA:38,0
DA:39,0
DA:40,0
DA:41,0
DA:45,0
DA:46,0
DA:49,0
DA:50,0
DA:51,0
DA:52,0
DA:53,0
DA:54,0
DA:59,0
DA:60,0
DA:61,0
DA:62,0
DA:67,0
LF:30
LH:0
end_of_record
SF:lib\features\customer\customer_jobs\presentation\view_model\customer_requested_jobs_viewmodel\customer_requested_jobs_viewmodel.dart
DA:17,0
DA:24,0
DA:25,0
DA:26,0
DA:27,0
DA:28,0
DA:29,0
DA:30,0
DA:34,0
DA:35,0
DA:36,0
DA:39,0
DA:40,0
DA:41,0
DA:42,0
DA:44,0
DA:46,0
DA:47,0
DA:48,0
DA:51,0
DA:53,0
DA:58,0
DA:59,0
DA:60,0
DA:63,0
DA:64,0
DA:65,0
DA:66,0
DA:68,0
DA:70,0
DA:71,0
DA:72,0
DA:75,0
DA:77,0
LF:34
LH:0
end_of_record
SF:lib\features\customer\customer_jobs\presentation\view_model\worker_list_viewmodel\worker_list_viewmodel.dart
DA:18,0
DA:21,0
DA:22,0
DA:23,0
DA:26,0
DA:30,0
DA:31,0
DA:32,0
DA:35,0
DA:36,0
DA:37,0
DA:41,0
DA:45,0
DA:46,0
DA:48,0
DA:49,0
DA:50,0
DA:58,0
DA:59,0
DA:62,0
DA:63,0
DA:64,0
DA:65,0
DA:66,0
DA:71,0
DA:72,0
DA:73,0
DA:81,0
DA:82,0
LF:29
LH:0
end_of_record
SF:lib\features\customer\customer_profile\presentation\view_model\customer_profile_viewmodel.dart
DA:10,0
DA:11,0
DA:12,0
DA:13,0
DA:14,0
DA:15,0
DA:16,0
DA:17,0
LF:8
LH:0
end_of_record
SF:lib\features\customer\customer_profile\presentation\view_model\cutsomer_profile_setting_viewmodel\profile_setting_viewmodel.dart
DA:14,0
DA:17,0
DA:18,0
DA:19,0
DA:22,0
DA:26,0
DA:27,0
DA:28,0
DA:29,0
DA:30,0
DA:34,0
DA:38,0
DA:40,0
DA:41,0
DA:42,0
DA:43,0
DA:45,0
DA:49,0
DA:50,0
DA:51,0
DA:54,0
LF:21
LH:0
end_of_record
SF:lib\features\customer\customer_reviews\data\data_source\remote_data_source\customer_reviews_remote_datasource.dart
DA:12,0
DA:15,0
DA:21,0
DA:25,0
DA:27,0
DA:28,0
DA:30,0
DA:32,0
DA:35,0
DA:37,0
DA:38,0
DA:40,0
DA:44,0
DA:47,0
DA:49,0
DA:51,0
DA:52,0
DA:53,0
DA:55,0
DA:57,0
DA:58,0
DA:61,0
DA:62,0
DA:64,0
DA:65,0
DA:70,0
DA:73,0
DA:74,0
DA:75,0
DA:77,0
DA:78,0
DA:81,0
DA:83,0
DA:84,0
DA:86,0
DA:87,0
DA:92,0
DA:95,0
DA:97,0
DA:99,0
DA:100,0
DA:103,0
DA:104,0
DA:107,0
DA:108,0
DA:110,0
DA:111,0
LF:47
LH:0
end_of_record
SF:lib\features\customer\customer_reviews\data\repository\remote_repository\customer_reviews_remote_repository.dart
DA:10,0
DA:14,0
DA:20,0
DA:24,0
DA:26,0
DA:27,0
DA:32,0
DA:37,0
DA:38,0
DA:40,0
DA:41,0
DA:46,0
DA:52,0
DA:53,0
DA:55,0
DA:56,0
DA:61,0
DA:64,0
DA:65,0
DA:67,0
DA:68,0
LF:21
LH:0
end_of_record
SF:lib\features\customer\customer_reviews\domain\use_case\delete_all_review_usecase.dart
DA:11,0
DA:17,0
DA:19,0
DA:20,0
DA:21,0
DA:22,0
LF:6
LH:0
end_of_record
SF:lib\features\customer\customer_reviews\domain\use_case\delete_review_usecase.dart
DA:11,0
DA:13,0
DA:14,0
DA:22,0
DA:28,0
DA:30,0
DA:31,0
DA:32,0
DA:33,0
DA:35,0
LF:10
LH:0
end_of_record
SF:lib\features\customer\customer_reviews\domain\use_case\get_all_review_usecase.dart
DA:13,0
DA:19,0
DA:21,0
DA:22,0
DA:23,0
DA:24,0
LF:6
LH:0
end_of_record
SF:lib\features\customer\customer_reviews\domain\use_case\post_review_usecase.dart
DA:14,0
DA:20,0
DA:21,0
DA:28,0
DA:34,0
DA:36,0
DA:37,0
DA:38,0
DA:39,0
DA:41,0
DA:42,0
DA:43,0
DA:44,0
LF:13
LH:0
end_of_record
SF:lib\features\customer\customer_reviews\presentation\view_model\customer_get_reviews_viewmodel\customer_get_reviews_viewmodel.dart
DA:14,0
DA:18,0
DA:19,0
DA:20,0
DA:21,0
DA:24,0
DA:28,0
DA:30,0
DA:32,0
DA:33,0
DA:34,0
DA:38,0
DA:42,0
DA:44,0
DA:45,0
DA:46,0
DA:47,0
DA:51,0
DA:55,0
DA:57,0
DA:58,0
DA:60,0
DA:61,0
DA:62,0
LF:24
LH:0
end_of_record
SF:lib\features\customer\customer_reviews\presentation\view_model\customer_reviews_viewmodel.dart
DA:13,0
DA:14,0
DA:15,0
DA:16,0
DA:18,0
DA:19,0
DA:20,0
DA:21,0
DA:22,0
DA:26,0
DA:27,0
DA:30,0
DA:33,0
DA:34,0
DA:38,0
DA:39,0
LF:16
LH:0
end_of_record
SF:lib\features\customer\customer_workers\data\data_source\remote_datasource\customer_worker_remote_datasource.dart
DA:11,0
DA:14,0
DA:20,0
DA:22,0
DA:23,0
DA:25,0
DA:26,0
DA:28,0
DA:29,0
DA:31,0
DA:33,0
DA:34,0
DA:36,0
LF:13
LH:0
end_of_record
SF:lib\features\customer\customer_workers\data\repository\remote_repository\customer_worker_remote_repository.dart
DA:9,0
DA:12,0
DA:18,0
DA:22,0
DA:24,0
DA:25,0
DA:26,0
LF:7
LH:0
end_of_record
SF:lib\features\customer\customer_workers\domain\use_case\get_matching_worker_usecase.dart
DA:12,0
DA:14,0
DA:15,0
DA:23,0
DA:29,0
DA:33,0
DA:34,0
DA:35,0
DA:36,0
DA:37,0
LF:10
LH:0
end_of_record
SF:lib\features\onboarding\presentation\view_model\onboarding_view_model.dart
DA:12,2
DA:13,2
DA:15,2
DA:16,4
DA:17,4
DA:20,0
DA:21,0
DA:22,0
DA:23,0
DA:24,0
DA:25,0
DA:29,0
DA:34,1
DA:35,3
DA:36,2
DA:39,0
DA:40,0
DA:41,0
DA:43,0
DA:45,0
DA:46,0
DA:47,0
DA:53,2
DA:55,4
DA:56,2
LF:25
LH:11
end_of_record
SF:lib\features\selection\presentation\view_model\selection_view_model.dart
DA:9,2
DA:11,1
DA:12,3
DA:15,0
DA:16,0
DA:18,0
DA:20,0
DA:22,0
DA:23,0
DA:24,0
DA:25,0
DA:27,0
LF:12
LH:3
end_of_record
SF:lib\features\splash\presentation\view_model\splash_view_model.dart
DA:11,0
DA:13,0
DA:14,0
DA:16,0
DA:17,0
DA:18,0
DA:20,0
DA:21,0
DA:23,0
DA:25,0
DA:27,0
DA:28,0
DA:30,0
DA:32,0
DA:33,0
DA:40,0
DA:44,0
DA:48,0
DA:49,0
DA:51,0
DA:53,0
DA:54,0
LF:22
LH:0
end_of_record
SF:lib\core\common\app_alertdialog.dart
DA:11,0
DA:20,0
DA:22,0
DA:23,0
DA:27,0
DA:29,0
DA:30,0
DA:32,0
DA:33,0
DA:35,0
DA:42,0
DA:43,0
DA:50,0
DA:51,0
DA:52,0
DA:53,0
DA:54,0
DA:62,0
DA:63,0
DA:64,0
DA:65,0
DA:66,0
LF:22
LH:0
end_of_record
SF:lib\core\common\app_textfield.dart
DA:4,2
DA:12,2
DA:16,2
DA:21,2
DA:22,2
DA:25,2
DA:26,2
LF:7
LH:7
end_of_record
SF:lib\core\common\shake_detector.dart
DA:14,0
DA:20,0
DA:21,0
DA:22,0
DA:23,0
DA:26,0
DA:28,0
DA:29,0
DA:30,0
DA:31,0
DA:32,0
DA:33,0
DA:39,0
DA:40,0
LF:14
LH:0
end_of_record
SF:lib\core\network\dio_error_interceptor.dart
DA:4,0
DA:8,0
DA:9,0
DA:10,0
DA:12,0
DA:13,0
DA:22,0
DA:23,0
DA:24,0
DA:26,0
DA:29,0
LF:11
LH:0
end_of_record
SF:lib\features\auth\data\model\auth_hive_model.dart
DA:24,0
DA:31,0
DA:34,0
DA:43,0
DA:44,0
DA:45,0
DA:46,0
DA:47,0
DA:48,0
DA:49,0
DA:50,0
DA:55,0
DA:56,0
DA:57,0
DA:58,0
DA:59,0
DA:60,0
DA:61,0
DA:62,0
DA:66,0
DA:67,0
LF:21
LH:0
end_of_record
SF:lib\features\auth\data\model\auth_hive_model.g.dart
DA:13,0
DA:15,0
DA:16,0
DA:17,0
DA:19,0
DA:20,0
DA:21,0
DA:22,0
DA:23,0
DA:24,0
DA:25,0
DA:29,0
DA:32,0
DA:33,0
DA:34,0
DA:35,0
DA:36,0
DA:37,0
DA:38,0
DA:39,0
DA:40,0
DA:41,0
DA:42,0
DA:43,0
DA:44,0
DA:47,0
DA:48,0
DA:50,0
DA:53,0
DA:54,0
DA:55,0
LF:31
LH:0
end_of_record
SF:lib\core\utils\backend_image_url.dart
DA:3,1
DA:5,1
DA:6,1
DA:7,2
DA:9,1
LF:5
LH:5
end_of_record
SF:lib\features\auth\data\model\auth_api_model.dart
DA:25,0
DA:43,0
DA:44,0
DA:47,0
DA:50,0
DA:51,0
DA:52,0
DA:53,0
DA:54,0
DA:55,0
DA:56,0
DA:57,0
DA:58,0
DA:59,0
DA:61,0
DA:62,0
DA:63,0
DA:64,0
DA:68,0
DA:69,0
DA:70,0
DA:71,0
DA:72,0
DA:73,0
DA:74,0
DA:75,0
DA:76,0
DA:77,0
DA:78,0
DA:79,0
DA:80,0
DA:81,0
DA:82,0
DA:86,0
DA:87,0
DA:90,0
DA:91,0
DA:92,0
DA:93,0
DA:94,0
DA:95,0
DA:96,0
DA:97,0
DA:98,0
DA:99,0
DA:100,0
DA:101,0
DA:102,0
DA:103,0
DA:104,0
DA:105,0
LF:51
LH:0
end_of_record
SF:lib\features\auth\data\model\auth_api_model.g.dart
DA:9,0
DA:10,0
DA:11,0
DA:12,0
DA:13,0
DA:14,0
DA:15,0
DA:16,0
DA:18,0
DA:19,0
DA:20,0
DA:21,0
DA:22,0
DA:23,0
DA:24,0
DA:27,0
DA:28,0
DA:29,0
DA:30,0
DA:31,0
DA:32,0
DA:33,0
DA:34,0
DA:35,0
DA:36,0
DA:37,0
DA:38,0
DA:39,0
DA:40,0
DA:41,0
DA:42,0
LF:31
LH:0
end_of_record
SF:lib\features\auth\presentation\view\signup_view.dart
DA:13,1
DA:22,1
DA:24,3
DA:25,1
DA:27,1
DA:29,1
DA:30,1
DA:32,2
DA:34,1
DA:35,2
DA:36,1
DA:37,1
DA:39,2
DA:40,1
DA:41,1
DA:42,1
DA:43,1
DA:45,1
DA:46,1
DA:47,0
DA:48,0
DA:51,0
DA:56,0
DA:57,0
DA:59,0
DA:71,0
DA:73,0
DA:87,0
DA:89,1
DA:104,1
DA:105,1
DA:108,1
DA:109,1
DA:115,1
DA:116,1
DA:119,1
DA:120,1
DA:126,1
DA:127,1
DA:130,1
DA:131,1
DA:133,0
DA:141,1
DA:142,1
DA:144,2
DA:145,1
DA:149,1
DA:150,1
DA:153,1
DA:154,1
DA:160,0
DA:161,0
DA:167,1
DA:168,1
DA:170,4
DA:172,1
DA:173,1
DA:178,1
DA:179,2
DA:180,1
DA:181,0
DA:182,0
DA:185,0
DA:186,0
DA:188,0
DA:189,0
DA:191,0
DA:192,0
DA:194,0
DA:195,0
DA:199,0
DA:200,0
DA:201,0
DA:202,0
DA:216,1
DA:230,1
DA:231,1
DA:232,1
DA:234,1
DA:236,1
DA:238,1
DA:239,0
DA:240,0
DA:241,0
LF:84
LH:55
end_of_record
SF:lib\features\auth\presentation\view_model\signup_view_model\signup_event.dart
DA:10,0
DA:15,0
DA:26,0
LF:3
LH:0
end_of_record
SF:lib\features\auth\presentation\view_model\signup_view_model\signup_state.dart
DA:7,1
DA:9,22
DA:11,0
DA:12,0
DA:13,0
DA:14,0
DA:18,0
DA:19,0
LF:8
LH:2
end_of_record
SF:lib\features\auth\presentation\view\workerinfo.dart
DA:4,0
DA:5,0
DA:8,0
DA:9,0
DA:10,0
DA:13,0
DA:15,0
DA:17,0
DA:39,0
DA:40,0
DA:41,0
DA:47,0
DA:48,0
LF:13
LH:0
end_of_record
SF:lib\core\common\app_flushbar.dart
DA:5,0
DA:12,0
DA:17,0
DA:24,0
LF:4
LH:0
end_of_record
SF:lib\features\customer\customer_dashboard\presentation\view\customer_dashboard_view.dart
DA:11,43
DA:13,1
DA:14,2
DA:15,1
DA:16,1
DA:20,1
DA:22,1
DA:24,1
DA:25,1
DA:26,1
DA:27,1
DA:29,1
DA:30,1
DA:31,1
DA:33,1
DA:36,1
DA:44,1
DA:46,1
DA:47,1
DA:50,1
DA:54,2
DA:60,1
DA:61,1
DA:63,1
DA:66,1
DA:67,1
DA:68,1
DA:77,1
DA:90,1
DA:92,1
DA:93,1
DA:99,0
DA:100,0
DA:101,0
DA:103,0
DA:115,3
DA:116,1
DA:117,1
DA:118,0
DA:119,0
DA:120,0
DA:127,1
LF:42
LH:35
end_of_record
SF:lib\features\customer\customer_category\data\dto\get_all_customer_category_dto.dart
DA:12,0
DA:18,0
DA:20,0
DA:21,0
LF:4
LH:0
end_of_record
SF:lib\features\customer\customer_category\data\dto\get_all_customer_category_dto.g.dart
DA:9,0
DA:11,0
DA:12,0
DA:13,0
DA:14,0
DA:15,0
DA:16,0
DA:17,0
DA:20,0
DA:22,0
DA:23,0
DA:24,0
DA:25,0
LF:13
LH:0
end_of_record
SF:lib\features\customer\customer_category\data\model\customer_category_api_model.dart
DA:16,0
DA:24,0
DA:31,0
DA:32,0
DA:34,0
DA:36,0
DA:37,0
DA:38,0
DA:39,0
DA:40,0
DA:41,0
DA:42,0
DA:46,0
DA:47,0
DA:48,0
DA:49,0
DA:50,0
DA:51,0
DA:52,0
DA:56,0
DA:59,0
DA:62,0
DA:63,0
LF:23
LH:0
end_of_record
SF:lib\features\customer\customer_category\data\model\customer_category_api_model.g.dart
DA:9,0
DA:11,0
DA:12,0
DA:13,0
DA:14,0
DA:15,0
DA:16,0
DA:19,0
DA:21,0
DA:22,0
DA:23,0
DA:24,0
DA:25,0
DA:26,0
LF:14
LH:0
end_of_record
SF:lib\features\customer\customer_dashboard\presentation\view_model\customer_dashboard_event.dart
DA:5,1
LF:1
LH:1
end_of_record
SF:lib\features\customer\customer_dashboard\presentation\view_model\customer_dashboard_state.dart
DA:9,1
DA:16,0
DA:22,0
DA:23,0
DA:24,0
DA:25,0
DA:26,0
LF:7
LH:1
end_of_record
SF:lib\features\notiications\presentation\view\notification_view.dart
DA:5,22
DA:7,1
DA:9,1
DA:18,1
DA:19,2
DA:20,2
DA:24,1
DA:26,1
DA:27,1
DA:32,1
DA:33,2
DA:34,1
DA:36,1
DA:42,2
DA:49,1
DA:51,2
DA:52,1
DA:53,1
DA:56,1
DA:57,1
DA:59,1
DA:64,3
DA:65,1
DA:67,1
DA:68,2
DA:69,2
LF:26
LH:26
end_of_record
SF:lib\features\customer\customer_home\presentation\view_model\customer_home_event.dart
DA:4,0
DA:5,0
LF:2
LH:0
end_of_record
SF:lib\features\customer\customer_jobs\presentation\view_model\customer_assigned_job_view_model\customer_assigned_job_event.dart
DA:5,1
DA:7,0
DA:8,0
DA:17,0
DA:19,0
DA:20,0
LF:6
LH:1
end_of_record
SF:lib\features\customer\customer_home\presentation\view\customer_home_view.dart
DA:13,1
DA:15,1
DA:16,1
DA:24,1
DA:25,1
DA:27,0
DA:29,0
DA:31,1
DA:34,1
DA:36,1
DA:37,4
DA:40,1
DA:42,1
DA:43,1
DA:44,1
DA:46,1
DA:47,1
DA:48,1
DA:49,1
DA:50,1
DA:53,1
DA:54,1
DA:55,1
DA:56,1
DA:58,1
DA:60,1
DA:61,0
DA:62,0
DA:63,0
DA:66,1
DA:69,1
DA:71,1
DA:73,1
DA:75,1
DA:77,1
DA:86,1
DA:88,1
DA:89,1
DA:90,1
DA:96,1
DA:98,1
DA:109,1
DA:111,1
DA:112,1
DA:114,1
DA:120,1
DA:121,1
DA:122,1
DA:123,0
DA:125,0
DA:149,1
DA:150,1
DA:151,1
DA:152,1
DA:153,1
DA:155,3
DA:156,0
DA:157,0
DA:158,0
DA:159,0
DA:163,1
DA:167,1
DA:171,1
DA:172,1
DA:179,1
DA:180,1
DA:181,1
DA:182,0
DA:185,0
DA:187,0
DA:188,0
DA:192,0
DA:193,0
DA:209,1
DA:211,1
DA:212,1
DA:214,1
DA:220,1
DA:221,1
DA:222,2
DA:223,1
DA:226,1
DA:228,1
DA:240,1
DA:241,1
DA:242,1
DA:244,1
DA:246,1
DA:271,0
DA:284,1
DA:290,1
DA:293,1
DA:294,1
DA:296,2
DA:297,1
DA:299,1
DA:301,1
DA:302,1
DA:305,1
DA:308,1
DA:309,1
DA:311,1
DA:312,1
DA:323,1
DA:324,1
DA:325,1
DA:341,0
DA:342,0
DA:344,0
DA:346,0
DA:347,0
DA:348,0
DA:349,0
DA:354,0
DA:355,0
DA:359,0
LF:116
LH:88
end_of_record
SF:lib\features\customer\customer_jobs\presentation\view\customer_jobs_view.dart
DA:22,21
DA:24,0
DA:57,0
DA:59,0
DA:61,0
DA:62,0
DA:64,0
DA:65,0
DA:66,0
DA:67,0
DA:76,0
DA:80,0
DA:81,0
DA:82,0
DA:83,0
DA:85,0
DA:86,0
DA:87,0
DA:91,0
DA:93,0
DA:94,0
DA:95,0
DA:98,0
DA:100,0
DA:101,0
DA:102,0
DA:105,0
DA:107,0
DA:108,0
DA:109,0
DA:112,0
DA:114,0
DA:115,0
DA:116,0
LF:34
LH:1
end_of_record
SF:lib\features\customer\customer_jobs\presentation\view\customer_post_jobs_view.dart
DA:13,1
DA:15,1
DA:16,1
DA:27,1
DA:29,1
DA:30,4
DA:33,0
DA:34,0
DA:35,0
DA:36,0
DA:39,0
DA:41,0
DA:44,0
DA:45,0
DA:46,0
DA:47,0
DA:49,0
DA:52,0
DA:53,0
DA:54,0
DA:55,0
DA:56,0
DA:57,0
DA:58,0
DA:59,0
DA:60,0
DA:64,0
DA:65,0
DA:67,0
DA:68,0
DA:69,0
DA:70,0
DA:71,0
DA:74,0
DA:75,0
DA:76,0
DA:77,0
DA:82,0
DA:83,0
DA:84,0
DA:85,0
DA:86,0
DA:87,0
DA:91,1
DA:93,1
DA:95,1
DA:96,1
DA:97,1
DA:101,1
DA:103,1
DA:104,0
DA:105,1
DA:109,1
DA:110,1
DA:112,1
DA:113,1
DA:115,1
DA:122,1
DA:123,1
DA:124,1
DA:125,1
DA:127,1
DA:131,1
DA:132,1
DA:133,1
DA:134,1
DA:135,1
DA:139,1
DA:140,1
DA:143,1
DA:144,1
DA:145,1
DA:149,1
DA:150,0
DA:152,0
DA:155,1
DA:157,0
DA:161,1
DA:162,1
DA:163,1
DA:166,1
DA:167,1
DA:168,0
DA:171,1
DA:175,1
DA:176,1
DA:177,1
DA:180,1
DA:181,1
DA:182,0
DA:185,1
DA:189,1
DA:193,1
DA:194,1
DA:197,1
DA:201,1
DA:202,1
DA:215,1
DA:216,1
DA:218,1
DA:229,1
DA:230,1
DA:232,1
DA:233,1
DA:234,1
DA:241,1
DA:242,1
LF:107
LH:64
end_of_record
SF:lib\features\customer\customer_jobs\presentation\view_model\customer_jobs_view_model\customer_posted_jobs_event.dart
DA:5,1
DA:7,0
DA:8,0
DA:17,0
DA:19,0
DA:20,0
LF:6
LH:1
end_of_record
SF:lib\features\customer\customer_jobs\presentation\view_model\customer_requested_jobs_viewmodel\customer_requested_jobs_event.dart
DA:5,0
DA:7,0
DA:8,0
DA:18,0
DA:24,0
DA:25,0
DA:32,0
DA:34,0
DA:35,0
LF:9
LH:0
end_of_record
SF:lib\features\customer\customer_profile\presentation\view\customer_profile_view.dart
DA:21,0
DA:23,0
DA:24,0
DA:31,0
DA:33,0
DA:36,0
DA:37,0
DA:41,0
DA:42,0
DA:43,0
DA:46,0
DA:49,0
DA:51,0
DA:52,0
DA:55,0
DA:56,0
DA:57,0
DA:59,0
DA:60,0
DA:61,0
DA:63,0
DA:64,0
DA:65,0
DA:67,0
DA:68,0
DA:72,0
DA:78,0
DA:79,0
DA:82,0
DA:87,0
DA:88,0
DA:89,0
DA:95,0
DA:97,0
DA:98,0
DA:99,0
DA:101,0
DA:102,0
DA:103,0
DA:106,0
DA:114,0
DA:122,0
DA:125,0
DA:126,0
DA:127,0
DA:128,0
DA:129,0
DA:134,0
DA:136,0
DA:137,0
DA:138,0
DA:140,0
DA:141,0
DA:143,0
DA:144,0
DA:146,0
DA:149,0
DA:150,0
DA:155,0
DA:156,0
DA:164,0
DA:165,0
DA:167,0
DA:168,0
DA:171,0
DA:172,0
DA:174,0
DA:176,0
DA:178,0
DA:180,0
DA:181,0
DA:189,0
DA:197,0
DA:200,0
DA:201,0
DA:203,0
DA:204,0
DA:209,0
DA:212,0
DA:213,0
DA:215,0
DA:216,0
DA:224,0
DA:229,0
DA:230,0
DA:233,0
DA:237,0
DA:238,0
DA:245,0
DA:246,0
DA:254,0
DA:259,0
DA:260,0
DA:261,0
LF:94
LH:0
end_of_record
SF:lib\features\customer\customer_reviews\presentation\view\customer_reviews_view.dart
DA:10,0
DA:12,0
DA:13,0
DA:16,0
DA:19,0
DA:20,0
DA:21,0
DA:25,0
DA:27,0
DA:28,0
DA:30,0
DA:31,0
DA:32,0
DA:35,0
DA:40,0
DA:41,0
DA:42,0
DA:43,0
DA:56,0
DA:57,0
DA:61,0
DA:62,0
DA:64,0
DA:65,0
DA:69,0
DA:70,0
DA:71,0
DA:72,0
DA:73,0
DA:78,0
DA:80,0
DA:82,0
DA:83,0
DA:85,0
DA:86,0
DA:87,0
DA:92,0
DA:97,0
DA:98,0
DA:101,0
DA:107,0
DA:108,0
DA:110,0
DA:113,0
DA:114,0
DA:115,0
DA:116,0
DA:127,0
DA:129,0
DA:130,0
DA:131,0
DA:132,0
DA:133,0
DA:135,0
DA:144,0
DA:146,0
DA:153,0
DA:154,0
LF:58
LH:0
end_of_record
SF:lib\features\customer\customer_home\presentation\view_model\customer_home_state.dart
DA:5,1
DA:6,1
DA:17,2
DA:22,1
DA:23,3
DA:29,2
DA:31,1
DA:32,2
LF:8
LH:8
end_of_record
SF:lib\features\customer\customer_jobs\data\dto\get_all_customer_jobs_dto.dart
DA:12,0
DA:18,0
DA:20,0
DA:21,0
LF:4
LH:0
end_of_record
SF:lib\features\customer\customer_jobs\data\dto\get_all_customer_jobs_dto.g.dart
DA:9,0
DA:11,0
DA:12,0
DA:13,0
DA:14,0
DA:15,0
DA:16,0
DA:19,0
DA:21,0
DA:22,0
DA:23,0
DA:24,0
LF:12
LH:0
end_of_record
SF:lib\features\customer\customer_jobs\data\dto\get_assigned_job_dto.dart
DA:26,0
DA:28,0
DA:30,0
DA:31,0
LF:4
LH:0
end_of_record
SF:lib\features\customer\customer_jobs\data\dto\get_assigned_job_dto.g.dart
DA:9,0
DA:10,0
DA:11,0
DA:12,0
DA:13,0
DA:14,0
DA:15,0
DA:18,0
DA:19,0
DA:20,0
DA:21,0
DA:22,0
LF:12
LH:0
end_of_record
SF:lib\features\customer\customer_jobs\data\model\customer_jobs_api_model.dart
DA:27,0
DA:42,0
DA:43,0
DA:45,0
DA:47,0
DA:48,0
DA:49,0
DA:50,0
DA:51,0
DA:52,0
DA:53,0
DA:54,0
DA:55,0
DA:56,0
DA:57,0
DA:58,0
DA:59,0
DA:60,0
DA:64,0
DA:65,0
DA:66,0
DA:67,0
DA:68,0
DA:69,0
DA:70,0
DA:71,0
DA:72,0
DA:73,0
DA:74,0
DA:75,0
DA:76,0
DA:81,0
DA:84,0
DA:87,0
DA:88,0
DA:89,0
DA:90,0
DA:91,0
DA:92,0
DA:93,0
DA:94,0
DA:95,0
DA:96,0
DA:97,0
DA:98,0
DA:99,0
DA:100,0
LF:47
LH:0
end_of_record
SF:lib\features\customer\customer_jobs\data\model\customer_jobs_api_model.g.dart
DA:9,0
DA:11,0
DA:12,0
DA:13,0
DA:14,0
DA:16,0
DA:17,0
DA:18,0
DA:20,0
DA:21,0
DA:22,0
DA:23,0
DA:24,0
DA:25,0
DA:26,0
DA:27,0
DA:28,0
DA:29,0
DA:32,0
DA:34,0
DA:35,0
DA:36,0
DA:37,0
DA:38,0
DA:39,0
DA:40,0
DA:41,0
DA:42,0
DA:43,0
DA:44,0
DA:45,0
DA:46,0
LF:32
LH:0
end_of_record
SF:lib\features\customer\customer_workers\data\model\customer_worker_api_model.dart
DA:24,0
DA:37,0
DA:38,0
DA:40,0
DA:42,0
DA:43,0
DA:44,0
DA:45,0
DA:46,0
DA:47,0
DA:48,0
DA:49,0
DA:50,0
DA:51,0
DA:52,0
DA:53,0
DA:57,0
DA:58,0
DA:59,0
DA:60,0
DA:61,0
DA:62,0
DA:63,0
DA:64,0
DA:65,0
DA:66,0
DA:67,0
DA:68,0
DA:72,0
DA:75,0
DA:78,0
DA:79,0
DA:80,0
DA:81,0
DA:82,0
DA:83,0
DA:84,0
DA:85,0
DA:86,0
DA:87,0
DA:88,0
DA:89,0
LF:42
LH:0
end_of_record
SF:lib\features\customer\customer_workers\data\model\customer_worker_api_model.g.dart
DA:9,0
DA:11,0
DA:12,0
DA:13,0
DA:14,0
DA:15,0
DA:16,0
DA:17,0
DA:19,0
DA:20,0
DA:22,0
DA:23,0
DA:24,0
DA:25,0
DA:28,0
DA:30,0
DA:31,0
DA:32,0
DA:33,0
DA:34,0
DA:35,0
DA:36,0
DA:37,0
DA:38,0
DA:39,0
DA:40,0
LF:26
LH:0
end_of_record
SF:lib\features\customer\customer_jobs\presentation\view\customer_jobs\customer_assigned_jobs.dart
DA:11,21
DA:13,0
DA:15,0
DA:19,0
DA:20,0
DA:22,0
DA:23,0
DA:24,0
DA:25,0
DA:27,0
DA:28,0
DA:29,0
DA:30,0
DA:34,0
DA:35,0
DA:37,0
DA:39,0
DA:40,0
DA:42,0
DA:43,0
DA:67,0
DA:69,0
DA:70,0
DA:71,0
DA:82,0
DA:84,0
DA:85,0
DA:87,0
DA:88,0
DA:91,0
DA:93,0
DA:95,0
DA:96,0
DA:97,0
DA:101,0
DA:103,0
DA:104,0
DA:105,0
DA:106,0
DA:110,0
DA:111,0
DA:112,0
DA:116,0
DA:117,0
DA:122,0
DA:129,0
DA:130,0
DA:131,0
DA:132,0
DA:137,0
DA:138,0
DA:139,0
DA:142,0
DA:148,0
DA:149,0
DA:150,0
DA:151,0
DA:152,0
DA:174,0
DA:175,0
DA:177,0
DA:178,0
DA:180,0
DA:181,0
LF:64
LH:1
end_of_record
SF:lib\features\customer\customer_jobs\presentation\view_model\customer_assigned_job_view_model\customer_assigned_job_state.dart
DA:5,1
DA:7,1
DA:8,1
DA:18,1
DA:20,1
DA:21,2
DA:27,1
DA:29,1
DA:30,2
DA:39,0
DA:41,0
DA:42,0
LF:12
LH:9
end_of_record
SF:lib\features\customer\customer_jobs\presentation\view\customer_jobs\customer_failed_jobs.dart
DA:11,21
DA:13,0
DA:15,0
DA:16,0
DA:17,0
DA:19,0
DA:20,0
DA:21,0
DA:22,0
DA:24,0
DA:25,0
DA:26,0
DA:27,0
DA:31,0
DA:32,0
DA:34,0
DA:36,0
DA:37,0
DA:39,0
DA:40,0
DA:64,0
DA:66,0
DA:67,0
DA:68,0
DA:69,0
DA:80,0
DA:81,0
DA:82,0
DA:85,0
DA:87,0
DA:89,0
DA:90,0
DA:91,0
DA:92,0
DA:93,0
DA:97,0
DA:98,0
DA:99,0
DA:104,0
DA:113,0
DA:114,0
DA:116,0
DA:117,0
DA:118,0
DA:125,0
DA:127,0
DA:128,0
DA:129,0
DA:131,0
DA:136,0
DA:138,0
DA:139,0
DA:140,0
DA:143,0
DA:145,0
DA:146,0
DA:147,0
DA:150,0
DA:156,0
DA:157,0
DA:159,0
DA:160,0
DA:161,0
DA:162,0
DA:175,0
DA:194,0
DA:195,0
DA:197,0
DA:198,0
DA:200,0
DA:201,0
LF:71
LH:1
end_of_record
SF:lib\features\customer\customer_jobs\presentation\view_model\customer_failed_job_view_model\customer_failed_job_event.dart
DA:5,1
DA:7,0
DA:8,0
DA:17,0
DA:19,0
DA:20,0
LF:6
LH:1
end_of_record
SF:lib\features\customer\customer_jobs\presentation\view_model\customer_failed_job_view_model\customer_failed_job_state.dart
DA:5,1
DA:7,1
DA:8,1
DA:18,1
DA:20,1
DA:21,2
DA:27,1
DA:29,1
DA:30,2
LF:9
LH:9
end_of_record
SF:lib\features\customer\customer_jobs\presentation\view\customer_jobs\customer_inprogress_jobs.dart
DA:17,21
DA:19,0
DA:21,0
DA:25,0
DA:26,0
DA:28,0
DA:29,0
DA:30,0
DA:31,0
DA:33,0
DA:34,0
DA:35,0
DA:36,0
DA:40,0
DA:41,0
DA:43,0
DA:45,0
DA:46,0
DA:48,0
DA:49,0
DA:73,0
DA:75,0
DA:76,0
DA:77,0
DA:79,0
DA:81,0
DA:83,0
DA:95,0
DA:96,0
DA:98,0
DA:99,0
DA:102,0
DA:104,0
DA:106,0
DA:107,0
DA:108,0
DA:109,0
DA:110,0
DA:111,0
DA:117,0
DA:118,0
DA:119,0
DA:129,0
DA:132,0
DA:133,0
DA:135,0
DA:137,0
DA:138,0
DA:139,0
DA:141,0
DA:146,0
DA:147,0
DA:148,0
DA:152,0
DA:153,0
DA:158,0
DA:165,0
DA:166,0
DA:167,0
DA:174,0
DA:175,0
DA:177,0
DA:178,0
DA:185,0
DA:186,0
DA:188,0
DA:190,0
DA:192,0
DA:193,0
DA:211,0
DA:212,0
DA:214,0
DA:215,0
DA:217,0
DA:218,0
DA:228,0
DA:232,0
DA:233,0
DA:237,0
DA:239,0
DA:240,0
DA:241,0
DA:244,0
DA:246,0
DA:247,0
DA:248,0
DA:249,0
DA:253,0
DA:255,0
DA:256,0
DA:257,0
DA:268,0
DA:270,0
DA:274,0
DA:281,0
DA:282,0
DA:298,0
DA:304,0
DA:306,0
DA:316,0
DA:318,0
DA:320,0
DA:321,0
DA:326,0
DA:329,0
DA:330,0
DA:334,0
DA:337,0
DA:338,0
DA:339,0
DA:340,0
DA:341,0
DA:345,0
DA:349,0
DA:352,0
DA:355,0
DA:357,0
DA:358,0
DA:359,0
DA:360,0
DA:369,0
DA:370,0
DA:372,0
DA:373,0
DA:374,0
DA:376,0
DA:383,0
DA:386,0
DA:400,0
DA:402,0
DA:403,0
DA:407,0
DA:408,0
DA:414,0
DA:416,0
DA:417,0
DA:418,0
DA:420,0
DA:422,0
DA:423,0
DA:427,0
DA:429,0
DA:431,0
DA:432,0
DA:433,0
DA:436,0
DA:437,0
DA:438,0
DA:448,0
DA:449,0
DA:450,0
DA:451,0
DA:452,0
DA:456,0
DA:457,0
DA:458,0
DA:462,0
DA:463,0
DA:468,0
DA:472,0
DA:474,0
DA:475,0
DA:476,0
DA:482,0
DA:483,0
DA:484,0
DA:485,0
DA:486,0
DA:488,0
DA:489,0
DA:491,0
DA:492,0
DA:500,0
DA:501,0
DA:504,0
DA:505,0
DA:527,0
DA:528,0
DA:529,0
DA:530,0
DA:532,0
DA:538,0
DA:539,0
DA:540,0
DA:542,0
DA:544,0
DA:545,0
DA:546,0
DA:548,0
DA:549,0
DA:550,0
DA:553,0
DA:555,0
DA:560,0
DA:561,0
DA:570,0
DA:571,0
DA:572,0
DA:575,0
DA:577,0
DA:578,0
DA:579,0
DA:580,0
DA:584,0
DA:585,0
LF:205
LH:1
end_of_record
SF:lib\features\customer\customer_jobs\presentation\view_model\customer_inprogress_viewmodel\customer_inprogress_state.dart
DA:10,1
DA:13,1
DA:14,1
DA:23,1
DA:26,1
DA:27,2
DA:32,1
DA:35,1
DA:36,2
LF:9
LH:9
end_of_record
SF:lib\features\customer\customer_reviews\presentation\view\submit_review_view.dart
DA:13,0
DA:15,0
DA:16,0
DA:23,0
DA:24,0
DA:26,0
DA:27,0
DA:28,0
DA:36,0
DA:37,0
DA:38,0
DA:39,0
DA:41,0
DA:42,0
DA:49,0
DA:51,0
DA:52,0
DA:55,0
DA:57,0
DA:58,0
DA:59,0
DA:60,0
DA:61,0
DA:62,0
DA:68,0
DA:69,0
DA:71,0
DA:77,0
DA:79,0
DA:80,0
DA:81,0
DA:83,0
DA:89,0
DA:90,0
DA:97,0
DA:99,0
DA:100,0
DA:109,0
DA:110,0
DA:112,0
DA:114,0
DA:115,0
DA:120,0
DA:122,0
DA:123,0
DA:124,0
DA:129,0
LF:47
LH:0
end_of_record
SF:lib\features\customer\customer_jobs\presentation\view\customer_jobs\customer_posted_jobs.dart
DA:14,21
DA:16,0
DA:18,0
DA:19,0
DA:20,0
DA:22,0
DA:23,0
DA:24,0
DA:25,0
DA:27,0
DA:28,0
DA:29,0
DA:30,0
DA:34,0
DA:35,0
DA:37,0
DA:39,0
DA:40,0
DA:42,0
DA:43,0
DA:67,0
DA:69,0
DA:70,0
DA:71,0
DA:72,0
DA:83,0
DA:84,0
DA:85,0
DA:88,0
DA:90,0
DA:92,0
DA:94,0
DA:95,0
DA:96,0
DA:97,0
DA:101,0
DA:102,0
DA:103,0
DA:108,0
DA:119,0
DA:120,0
DA:122,0
DA:123,0
DA:124,0
DA:131,0
DA:134,0
DA:135,0
DA:136,0
DA:138,0
DA:143,0
DA:145,0
DA:146,0
DA:147,0
DA:150,0
DA:152,0
DA:154,0
DA:155,0
DA:156,0
DA:157,0
DA:159,0
DA:161,0
DA:163,0
DA:166,0
DA:168,0
DA:169,0
DA:173,0
DA:174,0
DA:175,0
DA:176,0
DA:190,0
DA:199,0
DA:200,0
DA:201,0
DA:204,0
DA:210,0
DA:211,0
DA:213,0
DA:214,0
DA:215,0
DA:216,0
DA:233,0
DA:254,0
DA:255,0
DA:257,0
DA:258,0
DA:260,0
DA:261,0
LF:87
LH:1
end_of_record
SF:lib\features\customer\customer_jobs\presentation\view\worker_list_view.dart
DA:14,0
DA:20,0
DA:21,0
DA:29,0
DA:31,0
DA:32,0
DA:34,0
DA:35,0
DA:36,0
DA:40,0
DA:41,0
DA:42,0
DA:47,0
DA:49,0
DA:50,0
DA:51,0
DA:54,0
DA:56,0
DA:58,0
DA:59,0
DA:64,0
DA:65,0
DA:66,0
DA:67,0
DA:69,0
DA:70,0
DA:71,0
DA:75,0
DA:81,0
DA:84,0
DA:85,0
DA:86,0
DA:89,0
DA:90,0
DA:91,0
DA:93,0
DA:95,0
DA:103,0
DA:104,0
DA:107,0
DA:108,0
DA:113,0
DA:115,0
DA:116,0
DA:120,0
DA:121,0
DA:122,0
DA:123,0
DA:136,0
DA:138,0
DA:139,0
DA:140,0
DA:146,0
DA:147,0
DA:148,0
DA:150,0
DA:151,0
DA:152,0
DA:153,0
DA:156,0
DA:158,0
DA:159,0
DA:160,0
DA:161,0
DA:163,0
DA:164,0
DA:165,0
DA:166,0
DA:168,0
DA:179,0
DA:180,0
DA:181,0
DA:183,0
DA:185,0
DA:186,0
DA:188,0
DA:189,0
DA:190,0
DA:192,0
DA:193,0
DA:196,0
DA:198,0
DA:199,0
DA:202,0
DA:204,0
DA:205,0
DA:206,0
DA:208,0
DA:209,0
DA:210,0
DA:211,0
DA:216,0
DA:219,0
DA:224,0
DA:225,0
DA:233,0
DA:234,0
DA:243,0
DA:244,0
DA:247,0
DA:248,0
DA:249,0
DA:252,0
DA:253,0
DA:254,0
DA:264,0
DA:265,0
DA:271,0
DA:272,0
DA:273,0
DA:274,0
DA:280,0
DA:281,0
DA:284,0
DA:285,0
DA:287,0
DA:288,0
DA:294,0
DA:295,0
DA:298,0
DA:299,0
DA:300,0
DA:301,0
DA:307,0
DA:308,0
DA:309,0
DA:310,0
DA:314,0
DA:320,0
DA:321,0
DA:324,0
DA:326,0
DA:328,0
DA:335,0
DA:338,0
DA:339,0
DA:340,0
DA:341,0
DA:348,0
DA:351,0
DA:359,0
DA:361,0
DA:362,0
DA:364,0
DA:365,0
DA:367,0
DA:370,0
DA:371,0
DA:375,0
DA:378,0
DA:379,0
DA:382,0
DA:383,0
DA:386,0
DA:387,0
DA:389,0
DA:390,0
DA:391,0
DA:414,0
DA:415,0
DA:416,0
DA:417,0
DA:420,0
LF:163
LH:0
end_of_record
SF:lib\features\customer\customer_jobs\presentation\view_model\customer_jobs_view_model\customer_posted_jobs_state.dart
DA:5,1
DA:7,1
DA:8,1
DA:17,1
DA:19,1
DA:20,2
DA:25,1
DA:27,1
DA:28,2
LF:9
LH:9
end_of_record
SF:lib\features\customer\customer_jobs\presentation\view\customer_jobs\customer_requested_jobs.dart
DA:11,21
DA:13,0
DA:15,0
DA:19,0
DA:20,0
DA:22,0
DA:23,0
DA:24,0
DA:25,0
DA:27,0
DA:28,0
DA:29,0
DA:30,0
DA:34,0
DA:35,0
DA:37,0
DA:39,0
DA:40,0
DA:42,0
DA:43,0
DA:67,0
DA:69,0
DA:70,0
DA:71,0
DA:73,0
DA:75,0
DA:77,0
DA:89,0
DA:90,0
DA:92,0
DA:93,0
DA:96,0
DA:98,0
DA:100,0
DA:101,0
DA:102,0
DA:109,0
DA:110,0
DA:111,0
DA:121,0
DA:124,0
DA:125,0
DA:126,0
DA:127,0
DA:128,0
DA:132,0
DA:133,0
DA:134,0
DA:135,0
DA:136,0
DA:140,0
DA:141,0
DA:146,0
DA:152,0
DA:153,0
DA:169,0
DA:170,0
DA:171,0
DA:172,0
DA:173,0
DA:174,0
DA:179,0
DA:180,0
DA:199,0
DA:203,0
DA:205,0
DA:212,0
DA:214,0
DA:216,0
DA:217,0
DA:219,0
DA:220,0
DA:221,0
DA:224,0
DA:225,0
DA:226,0
DA:236,0
DA:237,0
DA:238,0
DA:239,0
DA:240,0
DA:242,0
DA:250,0
DA:251,0
DA:252,0
DA:253,0
DA:254,0
DA:258,0
DA:259,0
DA:260,0
DA:266,0
DA:272,0
DA:273,0
DA:289,0
DA:290,0
DA:292,0
DA:293,0
DA:294,0
DA:295,0
DA:296,0
DA:303,0
DA:304,0
DA:314,0
DA:315,0
DA:316,0
DA:319,0
DA:320,0
DA:321,0
DA:322,0
DA:323,0
DA:328,0
DA:329,0
DA:331,0
DA:332,0
DA:340,0
DA:341,0
DA:348,0
DA:349,0
DA:364,0
DA:365,0
DA:366,0
DA:367,0
DA:368,0
DA:369,0
DA:370,0
DA:371,0
DA:372,0
DA:373,0
DA:374,0
DA:379,0
DA:386,0
DA:390,0
DA:393,0
DA:394,0
DA:400,0
DA:401,0
DA:402,0
DA:403,0
DA:404,0
DA:405,0
DA:409,0
DA:413,0
DA:416,0
DA:417,0
DA:432,0
DA:433,0
DA:435,0
DA:436,0
DA:438,0
DA:439,0
DA:449,0
DA:450,0
DA:452,0
DA:453,0
DA:454,0
DA:456,0
LF:156
LH:1
end_of_record
SF:lib\features\customer\customer_jobs\presentation\view_model\customer_requested_jobs_viewmodel\customer_requested_jobs_state.dart
DA:5,0
DA:7,0
DA:8,0
DA:18,0
DA:20,0
DA:21,0
DA:27,0
DA:29,0
DA:30,0
LF:9
LH:0
end_of_record
SF:lib\features\customer\customer_jobs\presentation\view_model\customer_post_job_view_model\customer_post_job_event.dart
DA:6,1
DA:8,0
DA:9,0
DA:23,0
DA:33,0
DA:34,0
LF:6
LH:1
end_of_record
SF:lib\features\customer\customer_jobs\presentation\view_model\customer_post_job_view_model\customer_post_job_state.dart
DA:6,1
DA:8,0
DA:9,0
DA:19,0
DA:21,0
DA:22,0
DA:28,0
DA:30,0
DA:31,0
DA:41,0
DA:43,0
DA:44,0
LF:12
LH:1
end_of_record
SF:lib\features\customer\customer_jobs\presentation\view_model\worker_list_viewmodel\worker_list_event.dart
DA:5,0
DA:7,0
DA:8,0
DA:14,0
DA:16,0
DA:17,0
DA:25,0
DA:31,0
DA:32,0
LF:9
LH:0
end_of_record
SF:lib\features\customer\customer_jobs\presentation\view_model\worker_list_viewmodel\worker_list_state.dart
DA:7,0
DA:9,0
DA:10,0
DA:20,0
DA:22,0
DA:23,0
DA:29,0
DA:31,0
DA:32,0
DA:42,0
DA:44,0
DA:45,0
LF:12
LH:0
end_of_record
SF:lib\features\customer\customer_profile\presentation\view\help_and_support_view.dart
DA:4,22
DA:6,1
DA:8,1
DA:9,1
DA:10,1
DA:12,1
LF:6
LH:6
end_of_record
SF:lib\features\customer\customer_profile\presentation\view\profile_setings_view.dart
DA:18,21
DA:20,0
DA:21,0
DA:33,0
DA:35,0
DA:36,0
DA:39,0
DA:41,0
DA:42,0
DA:44,0
DA:45,0
DA:46,0
DA:47,0
DA:52,0
DA:53,0
DA:54,0
DA:63,0
DA:68,0
DA:71,0
DA:72,0
DA:73,0
DA:77,0
DA:78,0
DA:79,0
DA:80,0
DA:82,0
DA:83,0
DA:84,0
DA:85,0
DA:88,0
DA:89,0
DA:90,0
DA:93,0
DA:96,0
DA:97,0
DA:98,0
DA:107,0
DA:108,0
DA:109,0
DA:110,0
DA:112,0
DA:113,0
DA:114,0
DA:115,0
DA:119,0
DA:120,0
DA:122,0
DA:123,0
DA:128,0
DA:130,0
DA:131,0
DA:132,0
DA:133,0
DA:138,0
DA:139,0
DA:141,0
DA:142,0
DA:144,0
DA:145,0
DA:146,0
DA:150,0
DA:151,0
DA:159,0
DA:160,0
DA:161,0
DA:165,0
DA:166,0
DA:169,0
DA:170,0
DA:171,0
DA:173,0
DA:175,0
DA:176,0
DA:177,0
DA:179,0
DA:180,0
DA:183,0
DA:184,0
DA:185,0
DA:186,0
DA:187,0
DA:188,0
DA:196,0
DA:197,0
DA:201,0
DA:207,0
DA:213,0
DA:215,0
DA:219,0
DA:221,0
DA:222,0
DA:224,0
DA:225,0
DA:229,0
DA:231,0
DA:232,0
DA:234,0
DA:235,0
DA:236,0
DA:237,0
DA:241,0
DA:242,0
DA:245,0
DA:248,0
DA:249,0
DA:252,0
DA:267,0
DA:272,0
DA:274,0
DA:277,0
DA:280,0
DA:281,0
DA:282,0
DA:283,0
DA:289,0
DA:295,0
DA:298,0
DA:302,0
DA:303,0
DA:305,0
DA:311,0
DA:312,0
DA:313,0
DA:314,0
LF:124
LH:1
end_of_record
SF:lib\features\customer\customer_profile\presentation\view\terms_and_condition_view.dart
DA:4,21
DA:6,0
DA:8,0
DA:9,0
DA:10,0
DA:12,0
DA:13,0
LF:7
LH:1
end_of_record
SF:lib\features\customer\customer_profile\presentation\view_model\customer_profile_state.dart
DA:12,0
DA:17,0
LF:2
LH:0
end_of_record
SF:lib\features\customer\customer_profile\presentation\view_model\cutsomer_profile_setting_viewmodel\profile_setting_event.dart
DA:12,0
LF:1
LH:0
end_of_record
SF:lib\features\customer\customer_profile\presentation\view_model\cutsomer_profile_setting_viewmodel\profile_setting_state.dart
DA:12,0
DA:18,0
DA:27,0
LF:3
LH:0
end_of_record
SF:lib\features\customer\customer_reviews\domain\entity\customer_reviews_entity.dart
DA:16,21
DA:31,0
DA:32,0
DA:33,0
DA:34,0
DA:35,0
DA:36,0
DA:37,0
DA:38,0
DA:39,0
DA:40,0
DA:41,0
DA:42,0
LF:13
LH:1
end_of_record
SF:lib\features\customer\customer_reviews\data\dto\get_all_reviews_dto.dart
DA:11,0
DA:13,0
DA:15,0
DA:16,0
LF:4
LH:0
end_of_record
SF:lib\features\customer\customer_reviews\data\dto\get_all_reviews_dto.g.dart
DA:9,0
DA:10,0
DA:11,0
DA:12,0
DA:13,0
DA:14,0
DA:15,0
DA:18,0
DA:19,0
DA:20,0
DA:21,0
LF:11
LH:0
end_of_record
SF:lib\features\customer\customer_reviews\data\model\customer_reviews_api_model.dart
DA:24,0
DA:37,0
DA:38,0
DA:40,0
DA:42,0
DA:43,0
DA:44,0
DA:45,0
DA:46,0
DA:47,0
DA:48,0
DA:49,0
DA:50,0
DA:51,0
DA:52,0
DA:53,0
DA:57,0
DA:58,0
DA:59,0
DA:60,0
DA:61,0
DA:62,0
DA:63,0
DA:64,0
DA:65,0
DA:66,0
DA:67,0
DA:71,0
DA:74,0
DA:77,0
DA:78,0
DA:79,0
DA:80,0
DA:81,0
DA:82,0
DA:83,0
DA:84,0
DA:85,0
DA:86,0
DA:87,0
DA:88,0
LF:41
LH:0
end_of_record
SF:lib\features\customer\customer_reviews\data\model\customer_reviews_api_model.g.dart
DA:9,0
DA:11,0
DA:12,0
DA:13,0
DA:14,0
DA:16,0
DA:17,0
DA:18,0
DA:19,0
DA:20,0
DA:21,0
DA:22,0
DA:23,0
DA:24,0
DA:27,0
DA:29,0
DA:30,0
DA:31,0
DA:32,0
DA:33,0
DA:34,0
DA:35,0
DA:36,0
DA:37,0
DA:38,0
DA:39,0
LF:26
LH:0
end_of_record
SF:lib\features\customer\customer_reviews\presentation\view_model\customer_get_reviews_viewmodel\customer_get_reviews_event.dart
DA:4,0
DA:6,0
DA:7,0
DA:17,0
DA:19,0
DA:20,0
LF:6
LH:0
end_of_record
SF:lib\features\customer\customer_reviews\presentation\view_model\customer_get_reviews_viewmodel\customer_get_reviews_state.dart
DA:6,0
DA:8,0
DA:9,0
DA:19,0
DA:21,0
DA:22,0
DA:28,0
DA:30,0
DA:31,0
LF:9
LH:0
end_of_record
SF:lib\features\customer\customer_reviews\presentation\view_model\customer_reviews_event.dart
DA:5,0
DA:7,0
DA:8,0
DA:18,0
DA:26,0
DA:27,0
LF:6
LH:0
end_of_record
SF:lib\features\customer\customer_reviews\presentation\view_model\customer_reviews_state.dart
DA:4,0
DA:6,0
DA:7,0
DA:19,0
DA:21,0
DA:22,0
LF:6
LH:0
end_of_record
SF:lib\features\customer\customer_workers\data\dto\get_matching_worker_dto.dart
DA:13,0
DA:20,0
DA:21,0
DA:23,0
LF:4
LH:0
end_of_record
SF:lib\features\customer\customer_workers\data\dto\get_matching_worker_dto.g.dart
DA:9,0
DA:11,0
DA:12,0
DA:13,0
DA:14,0
DA:15,0
DA:16,0
DA:17,0
DA:18,0
DA:21,0
DA:23,0
DA:24,0
DA:25,0
DA:26,0
DA:27,0
LF:15
LH:0
end_of_record
SF:lib\features\onboarding\presentation\view\onboarding_view.dart
DA:9,22
DA:11,1
DA:13,1
DA:14,2
DA:21,21
DA:23,1
DA:25,1
DA:27,1
DA:28,1
DA:29,1
DA:30,1
DA:31,1
DA:32,1
DA:33,1
DA:34,1
DA:35,1
DA:36,1
DA:37,1
DA:38,1
DA:39,1
DA:46,1
DA:53,1
DA:63,1
DA:66,1
DA:67,1
DA:70,1
DA:71,0
DA:72,0
DA:74,1
DA:76,1
DA:77,1
DA:86,1
DA:88,1
DA:89,1
DA:91,1
DA:92,1
DA:102,1
DA:103,1
DA:105,1
DA:112,1
DA:114,1
DA:115,1
DA:116,1
DA:121,1
DA:122,1
DA:145,1
DA:151,3
DA:152,3
DA:154,1
DA:156,1
DA:157,1
DA:163,1
DA:164,1
DA:165,1
DA:166,1
DA:167,1
DA:169,1
DA:170,1
DA:172,1
DA:173,1
DA:178,2
DA:179,1
DA:181,1
DA:182,1
LF:64
LH:62
end_of_record
SF:lib\features\onboarding\presentation\view_model\onboarding_state.dart
DA:4,24
DA:6,0
DA:7,0
DA:14,24
DA:19,2
DA:20,6
LF:6
LH:4
end_of_record
SF:lib\features\selection\presentation\view\selection_view.dart
DA:9,1
DA:11,1
DA:13,3
DA:14,1
DA:16,1
DA:18,1
DA:19,1
DA:20,3
DA:21,1
DA:22,1
DA:23,1
DA:25,1
DA:26,1
DA:27,1
DA:28,1
DA:57,1
DA:59,1
DA:60,1
DA:64,2
DA:66,0
DA:67,0
DA:68,0
DA:70,1
DA:74,2
DA:76,1
DA:77,1
DA:78,1
DA:83,1
DA:85,1
DA:87,1
DA:89,0
DA:90,0
DA:91,0
DA:92,1
DA:94,1
DA:98,1
DA:99,1
DA:122,1
DA:129,3
DA:130,1
DA:133,1
DA:135,1
DA:140,1
DA:142,1
DA:143,1
DA:145,1
DA:150,1
DA:151,1
DA:152,1
DA:156,1
LF:50
LH:44
end_of_record
SF:lib\features\selection\presentation\view_model\selection_state.dart
DA:6,25
DA:8,1
DA:9,1
DA:12,1
DA:13,2
LF:5
LH:5
end_of_record
SF:lib\features\splash\presentation\view\splash_screen_view.dart
DA:9,1
DA:11,1
DA:12,1
DA:18,1
DA:20,1
DA:21,3
DA:22,3
DA:25,1
DA:27,3
DA:28,3
DA:30,1
DA:32,1
DA:33,1
DA:35,1
DA:36,1
DA:37,1
DA:38,1
DA:44,1
DA:46,1
LF:19
LH:19
end_of_record
